<?xml version="1.0" encoding="UTF-8"?>
<!-- Generated by org.testng.reporters.JUnitXMLReporter -->
<testsuite hostname="Bablu-PC" name="testng3" tests="95" failures="1" timestamp="28 Mar 2018 14:36:54 GMT" time="1299.309" errors="0">
  <testcase name="@BeforeMethod beforeMethod" time="0.0" classname="executions.Cmpletdmtng_inMS_TS_99">
    <failure type="org.openqa.selenium.WebDriverException" message="Failed to connect to binary FirefoxBinary(C:\Program Files (x86)\Mozilla Firefox\firefox.exe) on port 7055; process output follows: 

Build info: version: &amp;apos;2.53.1&amp;apos;, revision: &amp;apos;a36b8b1&amp;apos;, time: &amp;apos;2016-06-30 17:37:03&amp;apos;
System info: host: &amp;apos;Bablu-PC&amp;apos;, ip: &amp;apos;192.168.56.1&amp;apos;, os.name: &amp;apos;Windows 7&amp;apos;, os.arch: &amp;apos;amd64&amp;apos;, os.version: &amp;apos;6.1&amp;apos;, java.version: &amp;apos;1.8.0_161&amp;apos;
Driver info: driver.version: FirefoxDriver">
      <![CDATA[org.openqa.selenium.WebDriverException: Failed to connect to binary FirefoxBinary(C:\Program Files (x86)\Mozilla Firefox\firefox.exe) on port 7055; process output follows: 

Build info: version: '2.53.1', revision: 'a36b8b1', time: '2016-06-30 17:37:03'
System info: host: 'Bablu-PC', ip: '192.168.56.1', os.name: 'Windows 7', os.arch: 'amd64', os.version: '6.1', java.version: '1.8.0_161'
Driver info: driver.version: FirefoxDriver
	at org.openqa.selenium.firefox.internal.NewProfileExtensionConnection.start(NewProfileExtensionConnection.java:124)
	at org.openqa.selenium.firefox.FirefoxDriver.startClient(FirefoxDriver.java:271)
	at org.openqa.selenium.remote.RemoteWebDriver.<init>(RemoteWebDriver.java:119)
	at org.openqa.selenium.firefox.FirefoxDriver.<init>(FirefoxDriver.java:218)
	at org.openqa.selenium.firefox.FirefoxDriver.<init>(FirefoxDriver.java:211)
	at org.openqa.selenium.firefox.FirefoxDriver.<init>(FirefoxDriver.java:207)
	at org.openqa.selenium.firefox.FirefoxDriver.<init>(FirefoxDriver.java:120)
	at GlobalMethod.GlobalMethods.LaunchBrowser(GlobalMethods.java:102)
	at executions.Cmpletdmtng_inMS_TS_99.beforeMethod(Cmpletdmtng_inMS_TS_99.java:25)
Caused by: org.openqa.selenium.firefox.NotConnectedException: Unable to connect to host 127.0.0.1 on port 7055 after 45000 ms. Firefox console output:

	at org.openqa.selenium.firefox.internal.NewProfileExtensionConnection.start(NewProfileExtensionConnection.java:112)
	... 33 more
... Removed 25 stack frames]]>
    </failure>
  </testcase> <!-- @BeforeMethod beforeMethod -->
  <testcase name="@AfterMethod tearDown" time="0.0" classname="executions.Cmpletdmtng_inMS_TS_99">
    <skipped/>
  </testcase> <!-- @AfterMethod tearDown -->
  <testcase name="@BeforeMethod beforeMethod" time="0.0" classname="executions.Cmpletdmtng_inMS_TS_99">
    <skipped/>
  </testcase> <!-- @BeforeMethod beforeMethod -->
  <testcase name="@AfterMethod tearDown" time="0.0" classname="executions.Cmpletdmtng_inMS_TS_99">
    <skipped/>
  </testcase> <!-- @AfterMethod tearDown -->
  <testcase name="@BeforeMethod beforeMethod" time="0.0" classname="executions.Cmpletdmtng_inMS_TS_99">
    <skipped/>
  </testcase> <!-- @BeforeMethod beforeMethod -->
  <testcase name="@AfterMethod tearDown" time="0.0" classname="executions.Cmpletdmtng_inMS_TS_99">
    <skipped/>
  </testcase> <!-- @AfterMethod tearDown -->
  <testcase name="@BeforeMethod beforeMethod" time="0.0" classname="executions.Cmpletdmtng_inMS_TS_99">
    <skipped/>
  </testcase> <!-- @BeforeMethod beforeMethod -->
  <testcase name="@AfterMethod tearDown" time="0.0" classname="executions.Cmpletdmtng_inMS_TS_99">
    <skipped/>
  </testcase> <!-- @AfterMethod tearDown -->
  <testcase name="@BeforeMethod beforeMethod" time="0.0" classname="executions.Cmpletdmtng_inMS_TS_99">
    <skipped/>
  </testcase> <!-- @BeforeMethod beforeMethod -->
  <testcase name="@AfterMethod tearDown" time="0.0" classname="executions.Cmpletdmtng_inMS_TS_99">
    <skipped/>
  </testcase> <!-- @AfterMethod tearDown -->
  <testcase name="@BeforeMethod beforeMethod" time="0.0" classname="executions.Cmpletdmtng_inMS_TS_99">
    <skipped/>
  </testcase> <!-- @BeforeMethod beforeMethod -->
  <testcase name="@AfterMethod tearDown" time="0.0" classname="executions.Cmpletdmtng_inMS_TS_99">
    <skipped/>
  </testcase> <!-- @AfterMethod tearDown -->
  <testcase name="@BeforeMethod beforeMethod" time="0.0" classname="executions.Cmpletdmtng_inMS_TS_99">
    <skipped/>
  </testcase> <!-- @BeforeMethod beforeMethod -->
  <testcase name="@AfterMethod tearDown" time="0.0" classname="executions.Cmpletdmtng_inMS_TS_99">
    <skipped/>
  </testcase> <!-- @AfterMethod tearDown -->
  <testcase name="@BeforeMethod beforeMethod" time="0.0" classname="executions.Cmpletdmtng_inMS_TS_99">
    <skipped/>
  </testcase> <!-- @BeforeMethod beforeMethod -->
  <testcase name="@AfterMethod tearDown" time="0.0" classname="executions.Cmpletdmtng_inMS_TS_99">
    <skipped/>
  </testcase> <!-- @AfterMethod tearDown -->
  <testcase name="@BeforeMethod beforeMethod" time="0.0" classname="executions.Cmpletdmtng_inMS_TS_99">
    <skipped/>
  </testcase> <!-- @BeforeMethod beforeMethod -->
  <testcase name="@AfterMethod tearDown" time="0.0" classname="executions.Cmpletdmtng_inMS_TS_99">
    <skipped/>
  </testcase> <!-- @AfterMethod tearDown -->
  <testcase name="@BeforeMethod beforeMethod" time="0.0" classname="executions.Cmpletdmtng_inMS_TS_99">
    <skipped/>
  </testcase> <!-- @BeforeMethod beforeMethod -->
  <testcase name="@AfterMethod tearDown" time="0.0" classname="executions.Cmpletdmtng_inMS_TS_99">
    <skipped/>
  </testcase> <!-- @AfterMethod tearDown -->
  <testcase name="@BeforeMethod beforeMethod" time="0.0" classname="executions.Cmpletdmtng_inMS_TS_99">
    <skipped/>
  </testcase> <!-- @BeforeMethod beforeMethod -->
  <testcase name="@AfterMethod tearDown" time="0.0" classname="executions.Cmpletdmtng_inMS_TS_99">
    <skipped/>
  </testcase> <!-- @AfterMethod tearDown -->
  <testcase name="@BeforeMethod beforeMethod" time="0.0" classname="executions.Cmpletdmtng_inMS_TS_99">
    <skipped/>
  </testcase> <!-- @BeforeMethod beforeMethod -->
  <testcase name="@AfterMethod tearDown" time="0.0" classname="executions.Cmpletdmtng_inMS_TS_99">
    <skipped/>
  </testcase> <!-- @AfterMethod tearDown -->
  <testcase name="@BeforeMethod beforeMethod" time="0.0" classname="executions.Cmpletdmtng_inMS_TS_99">
    <skipped/>
  </testcase> <!-- @BeforeMethod beforeMethod -->
  <testcase name="@AfterMethod tearDown" time="0.0" classname="executions.Cmpletdmtng_inMS_TS_99">
    <skipped/>
  </testcase> <!-- @AfterMethod tearDown -->
  <testcase name="@BeforeMethod beforeMethod" time="0.0" classname="executions.Cmpletdmtng_inMS_TS_99">
    <skipped/>
  </testcase> <!-- @BeforeMethod beforeMethod -->
  <testcase name="@AfterMethod tearDown" time="0.0" classname="executions.Cmpletdmtng_inMS_TS_99">
    <skipped/>
  </testcase> <!-- @AfterMethod tearDown -->
  <testcase name="@BeforeMethod beforeMethod" time="0.0" classname="executions.Cmpletdmtng_inMS_TS_99">
    <skipped/>
  </testcase> <!-- @BeforeMethod beforeMethod -->
  <testcase name="@AfterMethod tearDown" time="0.0" classname="executions.Cmpletdmtng_inMS_TS_99">
    <skipped/>
  </testcase> <!-- @AfterMethod tearDown -->
  <testcase name="@BeforeMethod beforeMethod" time="0.0" classname="executions.Cmpletdmtng_inMS_TS_99">
    <skipped/>
  </testcase> <!-- @BeforeMethod beforeMethod -->
  <testcase name="@AfterMethod tearDown" time="0.0" classname="executions.Cmpletdmtng_inMS_TS_99">
    <skipped/>
  </testcase> <!-- @AfterMethod tearDown -->
  <testcase name="@BeforeMethod beforeMethod" time="0.0" classname="executions.Cmpletdmtng_inMS_TS_99">
    <skipped/>
  </testcase> <!-- @BeforeMethod beforeMethod -->
  <testcase name="@AfterMethod tearDown" time="0.0" classname="executions.Cmpletdmtng_inMS_TS_99">
    <skipped/>
  </testcase> <!-- @AfterMethod tearDown -->
  <testcase name="@BeforeMethod beforeMethod" time="0.0" classname="executions.Cmpletdmtng_inMS_TS_99">
    <skipped/>
  </testcase> <!-- @BeforeMethod beforeMethod -->
  <testcase name="@AfterMethod tearDown" time="0.0" classname="executions.Cmpletdmtng_inMS_TS_99">
    <skipped/>
  </testcase> <!-- @AfterMethod tearDown -->
  <testcase name="@BeforeMethod beforeMethod" time="0.0" classname="executions.Cmpletdmtng_inMS_TS_99">
    <skipped/>
  </testcase> <!-- @BeforeMethod beforeMethod -->
  <testcase name="@AfterMethod tearDown" time="0.0" classname="executions.Cmpletdmtng_inMS_TS_99">
    <skipped/>
  </testcase> <!-- @AfterMethod tearDown -->
  <testcase name="@BeforeMethod beforeMethod" time="0.0" classname="executions.Cmpletdmtng_inMS_TS_99">
    <skipped/>
  </testcase> <!-- @BeforeMethod beforeMethod -->
  <testcase name="@AfterMethod tearDown" time="0.0" classname="executions.Cmpletdmtng_inMS_TS_99">
    <skipped/>
  </testcase> <!-- @AfterMethod tearDown -->
  <testcase name="@BeforeMethod beforeMethod" time="0.0" classname="executions.Cmpletdmtng_inMS_TS_99">
    <skipped/>
  </testcase> <!-- @BeforeMethod beforeMethod -->
  <testcase name="@AfterMethod tearDown" time="0.0" classname="executions.Cmpletdmtng_inMS_TS_99">
    <skipped/>
  </testcase> <!-- @AfterMethod tearDown -->
  <testcase name="@BeforeMethod beforeMethod" time="0.0" classname="executions.Cmpletdmtng_inMS_TS_99">
    <skipped/>
  </testcase> <!-- @BeforeMethod beforeMethod -->
  <testcase name="@AfterMethod tearDown" time="0.0" classname="executions.Cmpletdmtng_inMS_TS_99">
    <skipped/>
  </testcase> <!-- @AfterMethod tearDown -->
  <testcase name="@BeforeMethod beforeMethod" time="0.0" classname="executions.Cmpletdmtng_inMS_TS_99">
    <skipped/>
  </testcase> <!-- @BeforeMethod beforeMethod -->
  <testcase name="@AfterMethod tearDown" time="0.0" classname="executions.Cmpletdmtng_inMS_TS_99">
    <skipped/>
  </testcase> <!-- @AfterMethod tearDown -->
  <testcase name="@BeforeMethod beforeMethod" time="0.0" classname="executions.Upcmngmtng_in_admin_TS_100">
    <failure type="java.lang.NoClassDefFoundError" message="com/global/methods/GlobalMethods">
      <![CDATA[java.lang.NoClassDefFoundError: com/global/methods/GlobalMethods
	at executions.Upcmngmtng_in_admin_TS_100.beforeMethod(Upcmngmtng_in_admin_TS_100.java:26)
Caused by: java.lang.ClassNotFoundException: com.global.methods.GlobalMethods
	at java.net.URLClassLoader.findClass(Unknown Source)
	at java.lang.ClassLoader.loadClass(Unknown Source)
	at sun.misc.Launcher$AppClassLoader.loadClass(Unknown Source)
	at java.lang.ClassLoader.loadClass(Unknown Source)
	... 26 more
... Removed 25 stack frames]]>
    </failure>
  </testcase> <!-- @BeforeMethod beforeMethod -->
  <testcase name="@AfterMethod tearDown" time="0.0" classname="executions.Upcmngmtng_in_admin_TS_100">
    <skipped/>
  </testcase> <!-- @AfterMethod tearDown -->
  <testcase name="@BeforeMethod beforeMethod" time="0.0" classname="executions.Upcmngmtng_in_admin_TS_100">
    <skipped/>
  </testcase> <!-- @BeforeMethod beforeMethod -->
  <testcase name="@AfterMethod tearDown" time="0.0" classname="executions.Upcmngmtng_in_admin_TS_100">
    <skipped/>
  </testcase> <!-- @AfterMethod tearDown -->
  <testcase name="@BeforeMethod beforeMethod" time="0.0" classname="executions.Upcmngmtng_in_admin_TS_100">
    <skipped/>
  </testcase> <!-- @BeforeMethod beforeMethod -->
  <testcase name="@AfterMethod tearDown" time="0.0" classname="executions.Upcmngmtng_in_admin_TS_100">
    <skipped/>
  </testcase> <!-- @AfterMethod tearDown -->
  <testcase name="@BeforeMethod beforeMethod" time="0.0" classname="executions.Upcmngmtng_in_admin_TS_100">
    <skipped/>
  </testcase> <!-- @BeforeMethod beforeMethod -->
  <testcase name="@AfterMethod tearDown" time="0.0" classname="executions.Upcmngmtng_in_admin_TS_100">
    <skipped/>
  </testcase> <!-- @AfterMethod tearDown -->
  <testcase name="@BeforeMethod beforeMethod" time="0.0" classname="executions.Upcmngmtng_in_admin_TS_100">
    <skipped/>
  </testcase> <!-- @BeforeMethod beforeMethod -->
  <testcase name="@AfterMethod tearDown" time="0.0" classname="executions.Upcmngmtng_in_admin_TS_100">
    <skipped/>
  </testcase> <!-- @AfterMethod tearDown -->
  <testcase name="@BeforeMethod beforeMethod" time="0.0" classname="executions.Upcmngmtng_in_admin_TS_100">
    <skipped/>
  </testcase> <!-- @BeforeMethod beforeMethod -->
  <testcase name="@AfterMethod tearDown" time="0.0" classname="executions.Upcmngmtng_in_admin_TS_100">
    <skipped/>
  </testcase> <!-- @AfterMethod tearDown -->
  <testcase name="@BeforeMethod beforeMethod" time="0.0" classname="executions.Upcmngmtng_in_admin_TS_100">
    <skipped/>
  </testcase> <!-- @BeforeMethod beforeMethod -->
  <testcase name="@AfterMethod tearDown" time="0.0" classname="executions.Upcmngmtng_in_admin_TS_100">
    <skipped/>
  </testcase> <!-- @AfterMethod tearDown -->
  <testcase name="@BeforeMethod beforeMethod" time="0.0" classname="executions.Upcmngmtng_in_admin_TS_100">
    <skipped/>
  </testcase> <!-- @BeforeMethod beforeMethod -->
  <testcase name="@AfterMethod tearDown" time="0.0" classname="executions.Upcmngmtng_in_admin_TS_100">
    <skipped/>
  </testcase> <!-- @AfterMethod tearDown -->
  <testcase name="@BeforeMethod beforeMethod" time="0.0" classname="executions.Cmpltdmtng_inAdmin_TS_101">
    <failure type="java.lang.NoClassDefFoundError" message="com/global/methods/GlobalMethods">
      <![CDATA[java.lang.NoClassDefFoundError: com/global/methods/GlobalMethods
	at executions.Cmpltdmtng_inAdmin_TS_101.beforeMethod(Cmpltdmtng_inAdmin_TS_101.java:26)
Caused by: java.lang.ClassNotFoundException: com.global.methods.GlobalMethods
	at java.net.URLClassLoader.findClass(Unknown Source)
	at java.lang.ClassLoader.loadClass(Unknown Source)
	at sun.misc.Launcher$AppClassLoader.loadClass(Unknown Source)
	at java.lang.ClassLoader.loadClass(Unknown Source)
	... 26 more
... Removed 25 stack frames]]>
    </failure>
  </testcase> <!-- @BeforeMethod beforeMethod -->
  <testcase name="@AfterMethod tearDown" time="0.0" classname="executions.Cmpltdmtng_inAdmin_TS_101">
    <skipped/>
  </testcase> <!-- @AfterMethod tearDown -->
  <testcase name="@BeforeMethod beforeMethod" time="0.0" classname="executions.Cmpltdmtng_inAdmin_TS_101">
    <skipped/>
  </testcase> <!-- @BeforeMethod beforeMethod -->
  <testcase name="@AfterMethod tearDown" time="0.0" classname="executions.Cmpltdmtng_inAdmin_TS_101">
    <skipped/>
  </testcase> <!-- @AfterMethod tearDown -->
  <testcase name="@BeforeMethod beforeMethod" time="0.0" classname="executions.Cmpltdmtng_inAdmin_TS_101">
    <skipped/>
  </testcase> <!-- @BeforeMethod beforeMethod -->
  <testcase name="@AfterMethod tearDown" time="0.0" classname="executions.Cmpltdmtng_inAdmin_TS_101">
    <skipped/>
  </testcase> <!-- @AfterMethod tearDown -->
  <testcase name="@BeforeMethod beforeMethod" time="0.0" classname="executions.Cmpltdmtng_inAdmin_TS_101">
    <skipped/>
  </testcase> <!-- @BeforeMethod beforeMethod -->
  <testcase name="@AfterMethod tearDown" time="0.0" classname="executions.Cmpltdmtng_inAdmin_TS_101">
    <skipped/>
  </testcase> <!-- @AfterMethod tearDown -->
  <testcase name="@BeforeMethod beforeMethod" time="0.0" classname="executions.Cmpltdmtng_inAdmin_TS_101">
    <skipped/>
  </testcase> <!-- @BeforeMethod beforeMethod -->
  <testcase name="@AfterMethod tearDown" time="0.0" classname="executions.Cmpltdmtng_inAdmin_TS_101">
    <skipped/>
  </testcase> <!-- @AfterMethod tearDown -->
  <testcase name="@BeforeMethod beforeMethod" time="0.0" classname="executions.Cmpltdmtng_inAdmin_TS_101">
    <skipped/>
  </testcase> <!-- @BeforeMethod beforeMethod -->
  <testcase name="@AfterMethod tearDown" time="0.0" classname="executions.Cmpltdmtng_inAdmin_TS_101">
    <skipped/>
  </testcase> <!-- @AfterMethod tearDown -->
  <testcase name="@BeforeMethod beforeMethod" time="0.0" classname="executions.Cmpltdmtng_inAdmin_TS_101">
    <skipped/>
  </testcase> <!-- @BeforeMethod beforeMethod -->
  <testcase name="@AfterMethod tearDown" time="0.0" classname="executions.Cmpltdmtng_inAdmin_TS_101">
    <skipped/>
  </testcase> <!-- @AfterMethod tearDown -->
  <testcase name="@BeforeMethod beforeMethod" time="0.0" classname="executions.Upcmngmtng_in_CP_TS_102">
    <failure type="org.openqa.selenium.WebDriverException" message="Failed to connect to binary FirefoxBinary(C:\Program Files (x86)\Mozilla Firefox\firefox.exe) on port 7055; process output follows: 
\Local\Temp\anonymous7094655675618423412webdriver-profile\extensions\fxdriver@googlecode.com
1522247544909	addons.xpi	DEBUG	Ignoring file entry whose name is not a valid add-on ID: C:\Users\bablu.p\AppData\Local\Temp\anonymous7094655675618423412webdriver-profile\extensions\webdriver-staging
1522247544910	addons.xpi	DEBUG	Existing add-on fxdriver@googlecode.com in app-profile
1522247544911	addons.xpi	INFO	Mapping activity-stream@mozilla.org to C:\Program Files (x86)\Mozilla Firefox\browser\features\activity-stream@mozilla.org.xpi
1522247544911	addons.xpi	INFO	Mapping aushelper@mozilla.org to C:\Program Files (x86)\Mozilla Firefox\browser\features\aushelper@mozilla.org.xpi
1522247544911	addons.xpi	INFO	Mapping clicktoplay-rollout@mozilla.org to C:\Program Files (x86)\Mozilla Firefox\browser\features\clicktoplay-rollout@mozilla.org.xpi
1522247544912	addons.xpi	INFO	Mapping e10srollout@mozilla.org to C:\Program Files (x86)\Mozilla Firefox\browser\features\e10srollout@mozilla.org.xpi
1522247544912	addons.xpi	INFO	Mapping firefox@getpocket.com to C:\Program Files (x86)\Mozilla Firefox\browser\features\firefox@getpocket.com.xpi
1522247544912	addons.xpi	INFO	Mapping followonsearch@mozilla.com to C:\Program Files (x86)\Mozilla Firefox\browser\features\followonsearch@mozilla.com.xpi
1522247544912	addons.xpi	INFO	Mapping formautofill@mozilla.org to C:\Program Files (x86)\Mozilla Firefox\browser\features\formautofill@mozilla.org.xpi
1522247544912	addons.xpi	INFO	Mapping onboarding@mozilla.org to C:\Program Files (x86)\Mozilla Firefox\browser\features\onboarding@mozilla.org.xpi
1522247544912	addons.xpi	INFO	Mapping screenshots@mozilla.org to C:\Program Files (x86)\Mozilla Firefox\browser\features\screenshots@mozilla.org.xpi
1522247544912	addons.xpi	INFO	Mapping shield-recipe-client@mozilla.org to C:\Program Files (x86)\Mozilla Firefox\browser\features\shield-recipe-client@mozilla.org.xpi
1522247544912	addons.xpi	INFO	Mapping webcompat@mozilla.org to C:\Program Files (x86)\Mozilla Firefox\browser\features\webcompat@mozilla.org.xpi
1522247544913	addons.xpi	DEBUG	Existing add-on activity-stream@mozilla.org in app-system-defaults
1522247544913	addons.xpi	DEBUG	Existing add-on aushelper@mozilla.org in app-system-defaults
1522247544914	addons.xpi	DEBUG	Existing add-on clicktoplay-rollout@mozilla.org in app-system-defaults
1522247544914	addons.xpi	DEBUG	Existing add-on e10srollout@mozilla.org in app-system-defaults
1522247544914	addons.xpi	DEBUG	Existing add-on firefox@getpocket.com in app-system-defaults
1522247544914	addons.xpi	DEBUG	Existing add-on followonsearch@mozilla.com in app-system-defaults
1522247544914	addons.xpi	DEBUG	Existing add-on formautofill@mozilla.org in app-system-defaults
1522247544915	addons.xpi	DEBUG	Existing add-on onboarding@mozilla.org in app-system-defaults
1522247544915	addons.xpi	DEBUG	Existing add-on screenshots@mozilla.org in app-system-defaults
1522247544915	addons.xpi	DEBUG	Existing add-on shield-recipe-client@mozilla.org in app-system-defaults
1522247544915	addons.xpi	DEBUG	Existing add-on webcompat@mozilla.org in app-system-defaults
1522247544916	addons.xpi	INFO	Mapping {972ce4c6-7e08-4474-a285-3208198ce6fd} to C:\Program Files (x86)\Mozilla Firefox\browser\extensions\{972ce4c6-7e08-4474-a285-3208198ce6fd}.xpi
1522247544916	addons.xpi	DEBUG	Existing add-on {972ce4c6-7e08-4474-a285-3208198ce6fd} in app-global
1522247544916	addons.xpi	DEBUG	getInstallState changed: false, state: {}
1522247545664	addons.productaddons	INFO	Completed downloading document
1522247546714	addons.productaddons	INFO	downloadXHR File download. status=200
1522247546718	addons.productaddons	INFO	Downloaded file will be saved to C:\Users\bablu.p\AppData\Local\Temp\tmpaddon-7aff38
1522247547519	DeferredSave.webext.sc.lz4	DEBUG	Starting write
1522247547525	DeferredSave.webext.sc.lz4	DEBUG	Write succeeded
1522247549965	addons.productaddons	INFO	downloadXHR File download. status=200
1522247549973	addons.productaddons	INFO	Downloaded file will be saved to C:\Users\bablu.p\AppData\Local\Temp\tmpaddon-256122

Build info: version: &amp;apos;2.53.1&amp;apos;, revision: &amp;apos;a36b8b1&amp;apos;, time: &amp;apos;2016-06-30 17:37:03&amp;apos;
System info: host: &amp;apos;Bablu-PC&amp;apos;, ip: &amp;apos;192.168.56.1&amp;apos;, os.name: &amp;apos;Windows 7&amp;apos;, os.arch: &amp;apos;amd64&amp;apos;, os.version: &amp;apos;6.1&amp;apos;, java.version: &amp;apos;1.8.0_161&amp;apos;
Driver info: driver.version: FirefoxDriver">
      <![CDATA[org.openqa.selenium.WebDriverException: Failed to connect to binary FirefoxBinary(C:\Program Files (x86)\Mozilla Firefox\firefox.exe) on port 7055; process output follows: 
\Local\Temp\anonymous7094655675618423412webdriver-profile\extensions\fxdriver@googlecode.com
1522247544909	addons.xpi	DEBUG	Ignoring file entry whose name is not a valid add-on ID: C:\Users\bablu.p\AppData\Local\Temp\anonymous7094655675618423412webdriver-profile\extensions\webdriver-staging
1522247544910	addons.xpi	DEBUG	Existing add-on fxdriver@googlecode.com in app-profile
1522247544911	addons.xpi	INFO	Mapping activity-stream@mozilla.org to C:\Program Files (x86)\Mozilla Firefox\browser\features\activity-stream@mozilla.org.xpi
1522247544911	addons.xpi	INFO	Mapping aushelper@mozilla.org to C:\Program Files (x86)\Mozilla Firefox\browser\features\aushelper@mozilla.org.xpi
1522247544911	addons.xpi	INFO	Mapping clicktoplay-rollout@mozilla.org to C:\Program Files (x86)\Mozilla Firefox\browser\features\clicktoplay-rollout@mozilla.org.xpi
1522247544912	addons.xpi	INFO	Mapping e10srollout@mozilla.org to C:\Program Files (x86)\Mozilla Firefox\browser\features\e10srollout@mozilla.org.xpi
1522247544912	addons.xpi	INFO	Mapping firefox@getpocket.com to C:\Program Files (x86)\Mozilla Firefox\browser\features\firefox@getpocket.com.xpi
1522247544912	addons.xpi	INFO	Mapping followonsearch@mozilla.com to C:\Program Files (x86)\Mozilla Firefox\browser\features\followonsearch@mozilla.com.xpi
1522247544912	addons.xpi	INFO	Mapping formautofill@mozilla.org to C:\Program Files (x86)\Mozilla Firefox\browser\features\formautofill@mozilla.org.xpi
1522247544912	addons.xpi	INFO	Mapping onboarding@mozilla.org to C:\Program Files (x86)\Mozilla Firefox\browser\features\onboarding@mozilla.org.xpi
1522247544912	addons.xpi	INFO	Mapping screenshots@mozilla.org to C:\Program Files (x86)\Mozilla Firefox\browser\features\screenshots@mozilla.org.xpi
1522247544912	addons.xpi	INFO	Mapping shield-recipe-client@mozilla.org to C:\Program Files (x86)\Mozilla Firefox\browser\features\shield-recipe-client@mozilla.org.xpi
1522247544912	addons.xpi	INFO	Mapping webcompat@mozilla.org to C:\Program Files (x86)\Mozilla Firefox\browser\features\webcompat@mozilla.org.xpi
1522247544913	addons.xpi	DEBUG	Existing add-on activity-stream@mozilla.org in app-system-defaults
1522247544913	addons.xpi	DEBUG	Existing add-on aushelper@mozilla.org in app-system-defaults
1522247544914	addons.xpi	DEBUG	Existing add-on clicktoplay-rollout@mozilla.org in app-system-defaults
1522247544914	addons.xpi	DEBUG	Existing add-on e10srollout@mozilla.org in app-system-defaults
1522247544914	addons.xpi	DEBUG	Existing add-on firefox@getpocket.com in app-system-defaults
1522247544914	addons.xpi	DEBUG	Existing add-on followonsearch@mozilla.com in app-system-defaults
1522247544914	addons.xpi	DEBUG	Existing add-on formautofill@mozilla.org in app-system-defaults
1522247544915	addons.xpi	DEBUG	Existing add-on onboarding@mozilla.org in app-system-defaults
1522247544915	addons.xpi	DEBUG	Existing add-on screenshots@mozilla.org in app-system-defaults
1522247544915	addons.xpi	DEBUG	Existing add-on shield-recipe-client@mozilla.org in app-system-defaults
1522247544915	addons.xpi	DEBUG	Existing add-on webcompat@mozilla.org in app-system-defaults
1522247544916	addons.xpi	INFO	Mapping {972ce4c6-7e08-4474-a285-3208198ce6fd} to C:\Program Files (x86)\Mozilla Firefox\browser\extensions\{972ce4c6-7e08-4474-a285-3208198ce6fd}.xpi
1522247544916	addons.xpi	DEBUG	Existing add-on {972ce4c6-7e08-4474-a285-3208198ce6fd} in app-global
1522247544916	addons.xpi	DEBUG	getInstallState changed: false, state: {}
1522247545664	addons.productaddons	INFO	Completed downloading document
1522247546714	addons.productaddons	INFO	downloadXHR File download. status=200
1522247546718	addons.productaddons	INFO	Downloaded file will be saved to C:\Users\bablu.p\AppData\Local\Temp\tmpaddon-7aff38
1522247547519	DeferredSave.webext.sc.lz4	DEBUG	Starting write
1522247547525	DeferredSave.webext.sc.lz4	DEBUG	Write succeeded
1522247549965	addons.productaddons	INFO	downloadXHR File download. status=200
1522247549973	addons.productaddons	INFO	Downloaded file will be saved to C:\Users\bablu.p\AppData\Local\Temp\tmpaddon-256122

Build info: version: '2.53.1', revision: 'a36b8b1', time: '2016-06-30 17:37:03'
System info: host: 'Bablu-PC', ip: '192.168.56.1', os.name: 'Windows 7', os.arch: 'amd64', os.version: '6.1', java.version: '1.8.0_161'
Driver info: driver.version: FirefoxDriver
	at org.openqa.selenium.firefox.internal.NewProfileExtensionConnection.start(NewProfileExtensionConnection.java:124)
	at org.openqa.selenium.firefox.FirefoxDriver.startClient(FirefoxDriver.java:271)
	at org.openqa.selenium.remote.RemoteWebDriver.<init>(RemoteWebDriver.java:119)
	at org.openqa.selenium.firefox.FirefoxDriver.<init>(FirefoxDriver.java:218)
	at org.openqa.selenium.firefox.FirefoxDriver.<init>(FirefoxDriver.java:211)
	at org.openqa.selenium.firefox.FirefoxDriver.<init>(FirefoxDriver.java:207)
	at org.openqa.selenium.firefox.FirefoxDriver.<init>(FirefoxDriver.java:120)
	at GlobalMethod.GlobalMethods.LaunchBrowser(GlobalMethods.java:102)
	at executions.Upcmngmtng_in_CP_TS_102.beforeMethod(Upcmngmtng_in_CP_TS_102.java:24)
Caused by: org.openqa.selenium.firefox.NotConnectedException: Unable to connect to host 127.0.0.1 on port 7055 after 45000 ms. Firefox console output:
\Local\Temp\anonymous7094655675618423412webdriver-profile\extensions\fxdriver@googlecode.com
1522247544909	addons.xpi	DEBUG	Ignoring file entry whose name is not a valid add-on ID: C:\Users\bablu.p\AppData\Local\Temp\anonymous7094655675618423412webdriver-profile\extensions\webdriver-staging
1522247544910	addons.xpi	DEBUG	Existing add-on fxdriver@googlecode.com in app-profile
1522247544911	addons.xpi	INFO	Mapping activity-stream@mozilla.org to C:\Program Files (x86)\Mozilla Firefox\browser\features\activity-stream@mozilla.org.xpi
1522247544911	addons.xpi	INFO	Mapping aushelper@mozilla.org to C:\Program Files (x86)\Mozilla Firefox\browser\features\aushelper@mozilla.org.xpi
1522247544911	addons.xpi	INFO	Mapping clicktoplay-rollout@mozilla.org to C:\Program Files (x86)\Mozilla Firefox\browser\features\clicktoplay-rollout@mozilla.org.xpi
1522247544912	addons.xpi	INFO	Mapping e10srollout@mozilla.org to C:\Program Files (x86)\Mozilla Firefox\browser\features\e10srollout@mozilla.org.xpi
1522247544912	addons.xpi	INFO	Mapping firefox@getpocket.com to C:\Program Files (x86)\Mozilla Firefox\browser\features\firefox@getpocket.com.xpi
1522247544912	addons.xpi	INFO	Mapping followonsearch@mozilla.com to C:\Program Files (x86)\Mozilla Firefox\browser\features\followonsearch@mozilla.com.xpi
1522247544912	addons.xpi	INFO	Mapping formautofill@mozilla.org to C:\Program Files (x86)\Mozilla Firefox\browser\features\formautofill@mozilla.org.xpi
1522247544912	addons.xpi	INFO	Mapping onboarding@mozilla.org to C:\Program Files (x86)\Mozilla Firefox\browser\features\onboarding@mozilla.org.xpi
1522247544912	addons.xpi	INFO	Mapping screenshots@mozilla.org to C:\Program Files (x86)\Mozilla Firefox\browser\features\screenshots@mozilla.org.xpi
1522247544912	addons.xpi	INFO	Mapping shield-recipe-client@mozilla.org to C:\Program Files (x86)\Mozilla Firefox\browser\features\shield-recipe-client@mozilla.org.xpi
1522247544912	addons.xpi	INFO	Mapping webcompat@mozilla.org to C:\Program Files (x86)\Mozilla Firefox\browser\features\webcompat@mozilla.org.xpi
1522247544913	addons.xpi	DEBUG	Existing add-on activity-stream@mozilla.org in app-system-defaults
1522247544913	addons.xpi	DEBUG	Existing add-on aushelper@mozilla.org in app-system-defaults
1522247544914	addons.xpi	DEBUG	Existing add-on clicktoplay-rollout@mozilla.org in app-system-defaults
1522247544914	addons.xpi	DEBUG	Existing add-on e10srollout@mozilla.org in app-system-defaults
1522247544914	addons.xpi	DEBUG	Existing add-on firefox@getpocket.com in app-system-defaults
1522247544914	addons.xpi	DEBUG	Existing add-on followonsearch@mozilla.com in app-system-defaults
1522247544914	addons.xpi	DEBUG	Existing add-on formautofill@mozilla.org in app-system-defaults
1522247544915	addons.xpi	DEBUG	Existing add-on onboarding@mozilla.org in app-system-defaults
1522247544915	addons.xpi	DEBUG	Existing add-on screenshots@mozilla.org in app-system-defaults
1522247544915	addons.xpi	DEBUG	Existing add-on shield-recipe-client@mozilla.org in app-system-defaults
1522247544915	addons.xpi	DEBUG	Existing add-on webcompat@mozilla.org in app-system-defaults
1522247544916	addons.xpi	INFO	Mapping {972ce4c6-7e08-4474-a285-3208198ce6fd} to C:\Program Files (x86)\Mozilla Firefox\browser\extensions\{972ce4c6-7e08-4474-a285-3208198ce6fd}.xpi
1522247544916	addons.xpi	DEBUG	Existing add-on {972ce4c6-7e08-4474-a285-3208198ce6fd} in app-global
1522247544916	addons.xpi	DEBUG	getInstallState changed: false, state: {}
1522247545664	addons.productaddons	INFO	Completed downloading document
1522247546714	addons.productaddons	INFO	downloadXHR File download. status=200
1522247546718	addons.productaddons	INFO	Downloaded file will be saved to C:\Users\bablu.p\AppData\Local\Temp\tmpaddon-7aff38
1522247547519	DeferredSave.webext.sc.lz4	DEBUG	Starting write
1522247547525	DeferredSave.webext.sc.lz4	DEBUG	Write succeeded
1522247549965	addons.productaddons	INFO	downloadXHR File download. status=200
1522247549973	addons.productaddons	INFO	Downloaded file will be saved to C:\Users\bablu.p\AppData\Local\Temp\tmpaddon-256122

	at org.openqa.selenium.firefox.internal.NewProfileExtensionConnection.start(NewProfileExtensionConnection.java:112)
	... 33 more
... Removed 25 stack frames]]>
    </failure>
  </testcase> <!-- @BeforeMethod beforeMethod -->
  <testcase name="@AfterMethod tearDown" time="0.0" classname="executions.Upcmngmtng_in_CP_TS_102">
    <skipped/>
  </testcase> <!-- @AfterMethod tearDown -->
  <testcase name="@BeforeMethod beforeMethod" time="0.0" classname="executions.Upcmngmtng_in_CP_TS_102">
    <skipped/>
  </testcase> <!-- @BeforeMethod beforeMethod -->
  <testcase name="@AfterMethod tearDown" time="0.0" classname="executions.Upcmngmtng_in_CP_TS_102">
    <skipped/>
  </testcase> <!-- @AfterMethod tearDown -->
  <testcase name="@BeforeMethod beforeMethod" time="0.0" classname="executions.Upcmngmtng_in_CP_TS_102">
    <skipped/>
  </testcase> <!-- @BeforeMethod beforeMethod -->
  <testcase name="@AfterMethod tearDown" time="0.0" classname="executions.Upcmngmtng_in_CP_TS_102">
    <skipped/>
  </testcase> <!-- @AfterMethod tearDown -->
  <testcase name="@BeforeMethod beforeMethod" time="0.0" classname="executions.Upcmngmtng_in_CP_TS_102">
    <skipped/>
  </testcase> <!-- @BeforeMethod beforeMethod -->
  <testcase name="@AfterMethod tearDown" time="0.0" classname="executions.Upcmngmtng_in_CP_TS_102">
    <skipped/>
  </testcase> <!-- @AfterMethod tearDown -->
  <testcase name="@BeforeMethod beforeMethod" time="0.0" classname="executions.Upcmngmtng_in_CP_TS_102">
    <skipped/>
  </testcase> <!-- @BeforeMethod beforeMethod -->
  <testcase name="@AfterMethod tearDown" time="0.0" classname="executions.Upcmngmtng_in_CP_TS_102">
    <skipped/>
  </testcase> <!-- @AfterMethod tearDown -->
  <testcase name="@BeforeMethod beforeMethod" time="0.0" classname="executions.Upcmngmtng_in_CP_TS_102">
    <skipped/>
  </testcase> <!-- @BeforeMethod beforeMethod -->
  <testcase name="@AfterMethod tearDown" time="0.0" classname="executions.Upcmngmtng_in_CP_TS_102">
    <skipped/>
  </testcase> <!-- @AfterMethod tearDown -->
  <testcase name="@BeforeMethod beforeMethod" time="0.0" classname="executions.Upcmngmtng_in_CP_TS_102">
    <skipped/>
  </testcase> <!-- @BeforeMethod beforeMethod -->
  <testcase name="@AfterMethod tearDown" time="0.0" classname="executions.Upcmngmtng_in_CP_TS_102">
    <skipped/>
  </testcase> <!-- @AfterMethod tearDown -->
  <testcase name="@BeforeMethod beforeMethod" time="0.0" classname="executions.Upcmngmtng_in_CP_TS_102">
    <skipped/>
  </testcase> <!-- @BeforeMethod beforeMethod -->
  <testcase name="@AfterMethod tearDown" time="0.0" classname="executions.Upcmngmtng_in_CP_TS_102">
    <skipped/>
  </testcase> <!-- @AfterMethod tearDown -->
  <testcase name="@BeforeMethod beforeMethod" time="0.0" classname="executions.Cmpltdmtng_inCP_TS_103">
    <failure type="org.openqa.selenium.WebDriverException" message="Failed to connect to binary FirefoxBinary(C:\Program Files (x86)\Mozilla Firefox\firefox.exe) on port 7055; process output follows: 
ocal\Temp\anonymous6093327646964733846webdriver-profile\extensions\webdriver-staging
1522247589680	addons.xpi	DEBUG	Existing add-on fxdriver@googlecode.com in app-profile
1522247589680	addons.xpi	INFO	Mapping activity-stream@mozilla.org to C:\Program Files (x86)\Mozilla Firefox\browser\features\activity-stream@mozilla.org.xpi
1522247589680	addons.xpi	INFO	Mapping aushelper@mozilla.org to C:\Program Files (x86)\Mozilla Firefox\browser\features\aushelper@mozilla.org.xpi
1522247589681	addons.xpi	INFO	Mapping clicktoplay-rollout@mozilla.org to C:\Program Files (x86)\Mozilla Firefox\browser\features\clicktoplay-rollout@mozilla.org.xpi
1522247589681	addons.xpi	INFO	Mapping e10srollout@mozilla.org to C:\Program Files (x86)\Mozilla Firefox\browser\features\e10srollout@mozilla.org.xpi
1522247589681	addons.xpi	INFO	Mapping firefox@getpocket.com to C:\Program Files (x86)\Mozilla Firefox\browser\features\firefox@getpocket.com.xpi
1522247589681	addons.xpi	INFO	Mapping followonsearch@mozilla.com to C:\Program Files (x86)\Mozilla Firefox\browser\features\followonsearch@mozilla.com.xpi
1522247589681	addons.xpi	INFO	Mapping formautofill@mozilla.org to C:\Program Files (x86)\Mozilla Firefox\browser\features\formautofill@mozilla.org.xpi
1522247589681	addons.xpi	INFO	Mapping onboarding@mozilla.org to C:\Program Files (x86)\Mozilla Firefox\browser\features\onboarding@mozilla.org.xpi
1522247589681	addons.xpi	INFO	Mapping screenshots@mozilla.org to C:\Program Files (x86)\Mozilla Firefox\browser\features\screenshots@mozilla.org.xpi
1522247589682	addons.xpi	INFO	Mapping shield-recipe-client@mozilla.org to C:\Program Files (x86)\Mozilla Firefox\browser\features\shield-recipe-client@mozilla.org.xpi
1522247589682	addons.xpi	INFO	Mapping webcompat@mozilla.org to C:\Program Files (x86)\Mozilla Firefox\browser\features\webcompat@mozilla.org.xpi
1522247589682	addons.xpi	DEBUG	Existing add-on activity-stream@mozilla.org in app-system-defaults
1522247589682	addons.xpi	DEBUG	Existing add-on aushelper@mozilla.org in app-system-defaults
1522247589683	addons.xpi	DEBUG	Existing add-on clicktoplay-rollout@mozilla.org in app-system-defaults
1522247589683	addons.xpi	DEBUG	Existing add-on e10srollout@mozilla.org in app-system-defaults
1522247589683	addons.xpi	DEBUG	Existing add-on firefox@getpocket.com in app-system-defaults
1522247589684	addons.xpi	DEBUG	Existing add-on followonsearch@mozilla.com in app-system-defaults
1522247589684	addons.xpi	DEBUG	Existing add-on formautofill@mozilla.org in app-system-defaults
1522247589684	addons.xpi	DEBUG	Existing add-on onboarding@mozilla.org in app-system-defaults
1522247589684	addons.xpi	DEBUG	Existing add-on screenshots@mozilla.org in app-system-defaults
1522247589685	addons.xpi	DEBUG	Existing add-on shield-recipe-client@mozilla.org in app-system-defaults
1522247589686	addons.xpi	DEBUG	Existing add-on webcompat@mozilla.org in app-system-defaults
1522247589686	addons.xpi	INFO	Mapping {972ce4c6-7e08-4474-a285-3208198ce6fd} to C:\Program Files (x86)\Mozilla Firefox\browser\extensions\{972ce4c6-7e08-4474-a285-3208198ce6fd}.xpi
1522247589687	addons.xpi	DEBUG	Existing add-on {972ce4c6-7e08-4474-a285-3208198ce6fd} in app-global
1522247589687	addons.xpi	DEBUG	getInstallState changed: false, state: {}
1522247589703	addons.productaddons	INFO	sending request to: https://aus5.mozilla.org/update/3/GMP/56.0/20170926190823/WINNT_x86-msvc-x64/en-US/release/Windows_NT%206.1.1.0%20(x64)/default/default/update.xml
1522247591299	addons.productaddons	INFO	Completed downloading document
1522247592594	addons.productaddons	INFO	downloadXHR File download. status=200
1522247592598	addons.productaddons	INFO	Downloaded file will be saved to C:\Users\bablu.p\AppData\Local\Temp\tmpaddon-e94b88
1522247592639	DeferredSave.webext.sc.lz4	DEBUG	Starting write
1522247592644	DeferredSave.webext.sc.lz4	DEBUG	Write succeeded
1522247597791	addons.productaddons	INFO	downloadXHR File download. status=200
1522247597795	addons.productaddons	INFO	Downloaded file will be saved to C:\Users\bablu.p\AppData\Local\Temp\tmpaddon-13a922

Build info: version: &amp;apos;2.53.1&amp;apos;, revision: &amp;apos;a36b8b1&amp;apos;, time: &amp;apos;2016-06-30 17:37:03&amp;apos;
System info: host: &amp;apos;Bablu-PC&amp;apos;, ip: &amp;apos;192.168.56.1&amp;apos;, os.name: &amp;apos;Windows 7&amp;apos;, os.arch: &amp;apos;amd64&amp;apos;, os.version: &amp;apos;6.1&amp;apos;, java.version: &amp;apos;1.8.0_161&amp;apos;
Driver info: driver.version: FirefoxDriver">
      <![CDATA[org.openqa.selenium.WebDriverException: Failed to connect to binary FirefoxBinary(C:\Program Files (x86)\Mozilla Firefox\firefox.exe) on port 7055; process output follows: 
ocal\Temp\anonymous6093327646964733846webdriver-profile\extensions\webdriver-staging
1522247589680	addons.xpi	DEBUG	Existing add-on fxdriver@googlecode.com in app-profile
1522247589680	addons.xpi	INFO	Mapping activity-stream@mozilla.org to C:\Program Files (x86)\Mozilla Firefox\browser\features\activity-stream@mozilla.org.xpi
1522247589680	addons.xpi	INFO	Mapping aushelper@mozilla.org to C:\Program Files (x86)\Mozilla Firefox\browser\features\aushelper@mozilla.org.xpi
1522247589681	addons.xpi	INFO	Mapping clicktoplay-rollout@mozilla.org to C:\Program Files (x86)\Mozilla Firefox\browser\features\clicktoplay-rollout@mozilla.org.xpi
1522247589681	addons.xpi	INFO	Mapping e10srollout@mozilla.org to C:\Program Files (x86)\Mozilla Firefox\browser\features\e10srollout@mozilla.org.xpi
1522247589681	addons.xpi	INFO	Mapping firefox@getpocket.com to C:\Program Files (x86)\Mozilla Firefox\browser\features\firefox@getpocket.com.xpi
1522247589681	addons.xpi	INFO	Mapping followonsearch@mozilla.com to C:\Program Files (x86)\Mozilla Firefox\browser\features\followonsearch@mozilla.com.xpi
1522247589681	addons.xpi	INFO	Mapping formautofill@mozilla.org to C:\Program Files (x86)\Mozilla Firefox\browser\features\formautofill@mozilla.org.xpi
1522247589681	addons.xpi	INFO	Mapping onboarding@mozilla.org to C:\Program Files (x86)\Mozilla Firefox\browser\features\onboarding@mozilla.org.xpi
1522247589681	addons.xpi	INFO	Mapping screenshots@mozilla.org to C:\Program Files (x86)\Mozilla Firefox\browser\features\screenshots@mozilla.org.xpi
1522247589682	addons.xpi	INFO	Mapping shield-recipe-client@mozilla.org to C:\Program Files (x86)\Mozilla Firefox\browser\features\shield-recipe-client@mozilla.org.xpi
1522247589682	addons.xpi	INFO	Mapping webcompat@mozilla.org to C:\Program Files (x86)\Mozilla Firefox\browser\features\webcompat@mozilla.org.xpi
1522247589682	addons.xpi	DEBUG	Existing add-on activity-stream@mozilla.org in app-system-defaults
1522247589682	addons.xpi	DEBUG	Existing add-on aushelper@mozilla.org in app-system-defaults
1522247589683	addons.xpi	DEBUG	Existing add-on clicktoplay-rollout@mozilla.org in app-system-defaults
1522247589683	addons.xpi	DEBUG	Existing add-on e10srollout@mozilla.org in app-system-defaults
1522247589683	addons.xpi	DEBUG	Existing add-on firefox@getpocket.com in app-system-defaults
1522247589684	addons.xpi	DEBUG	Existing add-on followonsearch@mozilla.com in app-system-defaults
1522247589684	addons.xpi	DEBUG	Existing add-on formautofill@mozilla.org in app-system-defaults
1522247589684	addons.xpi	DEBUG	Existing add-on onboarding@mozilla.org in app-system-defaults
1522247589684	addons.xpi	DEBUG	Existing add-on screenshots@mozilla.org in app-system-defaults
1522247589685	addons.xpi	DEBUG	Existing add-on shield-recipe-client@mozilla.org in app-system-defaults
1522247589686	addons.xpi	DEBUG	Existing add-on webcompat@mozilla.org in app-system-defaults
1522247589686	addons.xpi	INFO	Mapping {972ce4c6-7e08-4474-a285-3208198ce6fd} to C:\Program Files (x86)\Mozilla Firefox\browser\extensions\{972ce4c6-7e08-4474-a285-3208198ce6fd}.xpi
1522247589687	addons.xpi	DEBUG	Existing add-on {972ce4c6-7e08-4474-a285-3208198ce6fd} in app-global
1522247589687	addons.xpi	DEBUG	getInstallState changed: false, state: {}
1522247589703	addons.productaddons	INFO	sending request to: https://aus5.mozilla.org/update/3/GMP/56.0/20170926190823/WINNT_x86-msvc-x64/en-US/release/Windows_NT%206.1.1.0%20(x64)/default/default/update.xml
1522247591299	addons.productaddons	INFO	Completed downloading document
1522247592594	addons.productaddons	INFO	downloadXHR File download. status=200
1522247592598	addons.productaddons	INFO	Downloaded file will be saved to C:\Users\bablu.p\AppData\Local\Temp\tmpaddon-e94b88
1522247592639	DeferredSave.webext.sc.lz4	DEBUG	Starting write
1522247592644	DeferredSave.webext.sc.lz4	DEBUG	Write succeeded
1522247597791	addons.productaddons	INFO	downloadXHR File download. status=200
1522247597795	addons.productaddons	INFO	Downloaded file will be saved to C:\Users\bablu.p\AppData\Local\Temp\tmpaddon-13a922

Build info: version: '2.53.1', revision: 'a36b8b1', time: '2016-06-30 17:37:03'
System info: host: 'Bablu-PC', ip: '192.168.56.1', os.name: 'Windows 7', os.arch: 'amd64', os.version: '6.1', java.version: '1.8.0_161'
Driver info: driver.version: FirefoxDriver
	at org.openqa.selenium.firefox.internal.NewProfileExtensionConnection.start(NewProfileExtensionConnection.java:124)
	at org.openqa.selenium.firefox.FirefoxDriver.startClient(FirefoxDriver.java:271)
	at org.openqa.selenium.remote.RemoteWebDriver.<init>(RemoteWebDriver.java:119)
	at org.openqa.selenium.firefox.FirefoxDriver.<init>(FirefoxDriver.java:218)
	at org.openqa.selenium.firefox.FirefoxDriver.<init>(FirefoxDriver.java:211)
	at org.openqa.selenium.firefox.FirefoxDriver.<init>(FirefoxDriver.java:207)
	at org.openqa.selenium.firefox.FirefoxDriver.<init>(FirefoxDriver.java:120)
	at GlobalMethod.GlobalMethods.LaunchBrowser(GlobalMethods.java:102)
	at executions.Cmpltdmtng_inCP_TS_103.beforeMethod(Cmpltdmtng_inCP_TS_103.java:25)
Caused by: org.openqa.selenium.firefox.NotConnectedException: Unable to connect to host 127.0.0.1 on port 7055 after 45000 ms. Firefox console output:
ocal\Temp\anonymous6093327646964733846webdriver-profile\extensions\webdriver-staging
1522247589680	addons.xpi	DEBUG	Existing add-on fxdriver@googlecode.com in app-profile
1522247589680	addons.xpi	INFO	Mapping activity-stream@mozilla.org to C:\Program Files (x86)\Mozilla Firefox\browser\features\activity-stream@mozilla.org.xpi
1522247589680	addons.xpi	INFO	Mapping aushelper@mozilla.org to C:\Program Files (x86)\Mozilla Firefox\browser\features\aushelper@mozilla.org.xpi
1522247589681	addons.xpi	INFO	Mapping clicktoplay-rollout@mozilla.org to C:\Program Files (x86)\Mozilla Firefox\browser\features\clicktoplay-rollout@mozilla.org.xpi
1522247589681	addons.xpi	INFO	Mapping e10srollout@mozilla.org to C:\Program Files (x86)\Mozilla Firefox\browser\features\e10srollout@mozilla.org.xpi
1522247589681	addons.xpi	INFO	Mapping firefox@getpocket.com to C:\Program Files (x86)\Mozilla Firefox\browser\features\firefox@getpocket.com.xpi
1522247589681	addons.xpi	INFO	Mapping followonsearch@mozilla.com to C:\Program Files (x86)\Mozilla Firefox\browser\features\followonsearch@mozilla.com.xpi
1522247589681	addons.xpi	INFO	Mapping formautofill@mozilla.org to C:\Program Files (x86)\Mozilla Firefox\browser\features\formautofill@mozilla.org.xpi
1522247589681	addons.xpi	INFO	Mapping onboarding@mozilla.org to C:\Program Files (x86)\Mozilla Firefox\browser\features\onboarding@mozilla.org.xpi
1522247589681	addons.xpi	INFO	Mapping screenshots@mozilla.org to C:\Program Files (x86)\Mozilla Firefox\browser\features\screenshots@mozilla.org.xpi
1522247589682	addons.xpi	INFO	Mapping shield-recipe-client@mozilla.org to C:\Program Files (x86)\Mozilla Firefox\browser\features\shield-recipe-client@mozilla.org.xpi
1522247589682	addons.xpi	INFO	Mapping webcompat@mozilla.org to C:\Program Files (x86)\Mozilla Firefox\browser\features\webcompat@mozilla.org.xpi
1522247589682	addons.xpi	DEBUG	Existing add-on activity-stream@mozilla.org in app-system-defaults
1522247589682	addons.xpi	DEBUG	Existing add-on aushelper@mozilla.org in app-system-defaults
1522247589683	addons.xpi	DEBUG	Existing add-on clicktoplay-rollout@mozilla.org in app-system-defaults
1522247589683	addons.xpi	DEBUG	Existing add-on e10srollout@mozilla.org in app-system-defaults
1522247589683	addons.xpi	DEBUG	Existing add-on firefox@getpocket.com in app-system-defaults
1522247589684	addons.xpi	DEBUG	Existing add-on followonsearch@mozilla.com in app-system-defaults
1522247589684	addons.xpi	DEBUG	Existing add-on formautofill@mozilla.org in app-system-defaults
1522247589684	addons.xpi	DEBUG	Existing add-on onboarding@mozilla.org in app-system-defaults
1522247589684	addons.xpi	DEBUG	Existing add-on screenshots@mozilla.org in app-system-defaults
1522247589685	addons.xpi	DEBUG	Existing add-on shield-recipe-client@mozilla.org in app-system-defaults
1522247589686	addons.xpi	DEBUG	Existing add-on webcompat@mozilla.org in app-system-defaults
1522247589686	addons.xpi	INFO	Mapping {972ce4c6-7e08-4474-a285-3208198ce6fd} to C:\Program Files (x86)\Mozilla Firefox\browser\extensions\{972ce4c6-7e08-4474-a285-3208198ce6fd}.xpi
1522247589687	addons.xpi	DEBUG	Existing add-on {972ce4c6-7e08-4474-a285-3208198ce6fd} in app-global
1522247589687	addons.xpi	DEBUG	getInstallState changed: false, state: {}
1522247589703	addons.productaddons	INFO	sending request to: https://aus5.mozilla.org/update/3/GMP/56.0/20170926190823/WINNT_x86-msvc-x64/en-US/release/Windows_NT%206.1.1.0%20(x64)/default/default/update.xml
1522247591299	addons.productaddons	INFO	Completed downloading document
1522247592594	addons.productaddons	INFO	downloadXHR File download. status=200
1522247592598	addons.productaddons	INFO	Downloaded file will be saved to C:\Users\bablu.p\AppData\Local\Temp\tmpaddon-e94b88
1522247592639	DeferredSave.webext.sc.lz4	DEBUG	Starting write
1522247592644	DeferredSave.webext.sc.lz4	DEBUG	Write succeeded
1522247597791	addons.productaddons	INFO	downloadXHR File download. status=200
1522247597795	addons.productaddons	INFO	Downloaded file will be saved to C:\Users\bablu.p\AppData\Local\Temp\tmpaddon-13a922

	at org.openqa.selenium.firefox.internal.NewProfileExtensionConnection.start(NewProfileExtensionConnection.java:112)
	... 33 more
... Removed 25 stack frames]]>
    </failure>
  </testcase> <!-- @BeforeMethod beforeMethod -->
  <testcase name="@AfterMethod tearDown" time="0.0" classname="executions.Cmpltdmtng_inCP_TS_103">
    <skipped/>
  </testcase> <!-- @AfterMethod tearDown -->
  <testcase name="@BeforeMethod beforeMethod" time="0.0" classname="executions.Cmpltdmtng_inCP_TS_103">
    <skipped/>
  </testcase> <!-- @BeforeMethod beforeMethod -->
  <testcase name="@AfterMethod tearDown" time="0.0" classname="executions.Cmpltdmtng_inCP_TS_103">
    <skipped/>
  </testcase> <!-- @AfterMethod tearDown -->
  <testcase name="@BeforeMethod beforeMethod" time="0.0" classname="executions.Cmpltdmtng_inCP_TS_103">
    <skipped/>
  </testcase> <!-- @BeforeMethod beforeMethod -->
  <testcase name="@AfterMethod tearDown" time="0.0" classname="executions.Cmpltdmtng_inCP_TS_103">
    <skipped/>
  </testcase> <!-- @AfterMethod tearDown -->
  <testcase name="@BeforeMethod beforeMethod" time="0.0" classname="executions.Cmpltdmtng_inCP_TS_103">
    <skipped/>
  </testcase> <!-- @BeforeMethod beforeMethod -->
  <testcase name="@AfterMethod tearDown" time="0.0" classname="executions.Cmpltdmtng_inCP_TS_103">
    <skipped/>
  </testcase> <!-- @AfterMethod tearDown -->
  <testcase name="@BeforeMethod beforeMethod" time="0.0" classname="executions.Cmpltdmtng_inCP_TS_103">
    <skipped/>
  </testcase> <!-- @BeforeMethod beforeMethod -->
  <testcase name="@AfterMethod tearDown" time="0.0" classname="executions.Cmpltdmtng_inCP_TS_103">
    <skipped/>
  </testcase> <!-- @AfterMethod tearDown -->
  <testcase name="@BeforeMethod beforeMethod" time="0.0" classname="executions.Cmpltdmtng_inCP_TS_103">
    <skipped/>
  </testcase> <!-- @BeforeMethod beforeMethod -->
  <testcase name="@AfterMethod tearDown" time="0.0" classname="executions.Cmpltdmtng_inCP_TS_103">
    <skipped/>
  </testcase> <!-- @AfterMethod tearDown -->
  <testcase name="@BeforeMethod beforeMethod" time="0.0" classname="executions.Cmpltdmtng_inCP_TS_103">
    <skipped/>
  </testcase> <!-- @BeforeMethod beforeMethod -->
  <testcase name="@AfterMethod tearDown" time="0.0" classname="executions.Cmpltdmtng_inCP_TS_103">
    <skipped/>
  </testcase> <!-- @AfterMethod tearDown -->
  <testcase name="@BeforeMethod beforeMethod" time="0.0" classname="executions.Cmpltdmtng_inCP_TS_103">
    <skipped/>
  </testcase> <!-- @BeforeMethod beforeMethod -->
  <testcase name="@AfterMethod tearDown" time="0.0" classname="executions.Cmpltdmtng_inCP_TS_103">
    <skipped/>
  </testcase> <!-- @AfterMethod tearDown -->
  <testcase name="@BeforeMethod beforeMethod" time="0.0" classname="executions.Cmpltdmtng_inCP_TS_103">
    <skipped/>
  </testcase> <!-- @BeforeMethod beforeMethod -->
  <testcase name="@AfterMethod tearDown" time="0.0" classname="executions.Cmpltdmtng_inCP_TS_103">
    <skipped/>
  </testcase> <!-- @AfterMethod tearDown -->
  <testcase name="@BeforeMethod beforeMethod" time="0.0" classname="executions.Upcmngmtng_inMem_TS_104">
    <failure type="org.openqa.selenium.WebDriverException" message="Failed to connect to binary FirefoxBinary(C:\Program Files (x86)\Mozilla Firefox\firefox.exe) on port 7055; process output follows: 
ocal\Temp\anonymous8725432911872585143webdriver-profile\extensions\webdriver-staging
1522247635191	addons.xpi	DEBUG	Existing add-on fxdriver@googlecode.com in app-profile
1522247635192	addons.xpi	INFO	Mapping activity-stream@mozilla.org to C:\Program Files (x86)\Mozilla Firefox\browser\features\activity-stream@mozilla.org.xpi
1522247635192	addons.xpi	INFO	Mapping aushelper@mozilla.org to C:\Program Files (x86)\Mozilla Firefox\browser\features\aushelper@mozilla.org.xpi
1522247635192	addons.xpi	INFO	Mapping clicktoplay-rollout@mozilla.org to C:\Program Files (x86)\Mozilla Firefox\browser\features\clicktoplay-rollout@mozilla.org.xpi
1522247635192	addons.xpi	INFO	Mapping e10srollout@mozilla.org to C:\Program Files (x86)\Mozilla Firefox\browser\features\e10srollout@mozilla.org.xpi
1522247635192	addons.xpi	INFO	Mapping firefox@getpocket.com to C:\Program Files (x86)\Mozilla Firefox\browser\features\firefox@getpocket.com.xpi
1522247635192	addons.xpi	INFO	Mapping followonsearch@mozilla.com to C:\Program Files (x86)\Mozilla Firefox\browser\features\followonsearch@mozilla.com.xpi
1522247635193	addons.xpi	INFO	Mapping formautofill@mozilla.org to C:\Program Files (x86)\Mozilla Firefox\browser\features\formautofill@mozilla.org.xpi
1522247635193	addons.xpi	INFO	Mapping onboarding@mozilla.org to C:\Program Files (x86)\Mozilla Firefox\browser\features\onboarding@mozilla.org.xpi
1522247635193	addons.xpi	INFO	Mapping screenshots@mozilla.org to C:\Program Files (x86)\Mozilla Firefox\browser\features\screenshots@mozilla.org.xpi
1522247635193	addons.xpi	INFO	Mapping shield-recipe-client@mozilla.org to C:\Program Files (x86)\Mozilla Firefox\browser\features\shield-recipe-client@mozilla.org.xpi
1522247635193	addons.xpi	INFO	Mapping webcompat@mozilla.org to C:\Program Files (x86)\Mozilla Firefox\browser\features\webcompat@mozilla.org.xpi
1522247635193	addons.xpi	DEBUG	Existing add-on activity-stream@mozilla.org in app-system-defaults
1522247635194	addons.xpi	DEBUG	Existing add-on aushelper@mozilla.org in app-system-defaults
1522247635194	addons.xpi	DEBUG	Existing add-on clicktoplay-rollout@mozilla.org in app-system-defaults
1522247635194	addons.xpi	DEBUG	Existing add-on e10srollout@mozilla.org in app-system-defaults
1522247635194	addons.xpi	DEBUG	Existing add-on firefox@getpocket.com in app-system-defaults
1522247635195	addons.xpi	DEBUG	Existing add-on followonsearch@mozilla.com in app-system-defaults
1522247635195	addons.xpi	DEBUG	Existing add-on formautofill@mozilla.org in app-system-defaults
1522247635195	addons.xpi	DEBUG	Existing add-on onboarding@mozilla.org in app-system-defaults
1522247635195	addons.xpi	DEBUG	Existing add-on screenshots@mozilla.org in app-system-defaults
1522247635196	addons.xpi	DEBUG	Existing add-on shield-recipe-client@mozilla.org in app-system-defaults
1522247635196	addons.xpi	DEBUG	Existing add-on webcompat@mozilla.org in app-system-defaults
1522247635196	addons.xpi	INFO	Mapping {972ce4c6-7e08-4474-a285-3208198ce6fd} to C:\Program Files (x86)\Mozilla Firefox\browser\extensions\{972ce4c6-7e08-4474-a285-3208198ce6fd}.xpi
1522247635197	addons.xpi	DEBUG	Existing add-on {972ce4c6-7e08-4474-a285-3208198ce6fd} in app-global
1522247635197	addons.xpi	DEBUG	getInstallState changed: false, state: {}
1522247635404	addons.productaddons	INFO	sending request to: https://aus5.mozilla.org/update/3/GMP/56.0/20170926190823/WINNT_x86-msvc-x64/en-US/release/Windows_NT%206.1.1.0%20(x64)/default/default/update.xml
1522247636957	addons.productaddons	INFO	Completed downloading document
1522247638194	DeferredSave.webext.sc.lz4	DEBUG	Starting write
1522247638200	DeferredSave.webext.sc.lz4	DEBUG	Write succeeded
1522247638376	addons.productaddons	INFO	downloadXHR File download. status=200
1522247638379	addons.productaddons	INFO	Downloaded file will be saved to C:\Users\bablu.p\AppData\Local\Temp\tmpaddon-4d085b
1522247643316	addons.productaddons	INFO	downloadXHR File download. status=200
1522247643320	addons.productaddons	INFO	Downloaded file will be saved to C:\Users\bablu.p\AppData\Local\Temp\tmpaddon-9a0082

Build info: version: &amp;apos;2.53.1&amp;apos;, revision: &amp;apos;a36b8b1&amp;apos;, time: &amp;apos;2016-06-30 17:37:03&amp;apos;
System info: host: &amp;apos;Bablu-PC&amp;apos;, ip: &amp;apos;192.168.56.1&amp;apos;, os.name: &amp;apos;Windows 7&amp;apos;, os.arch: &amp;apos;amd64&amp;apos;, os.version: &amp;apos;6.1&amp;apos;, java.version: &amp;apos;1.8.0_161&amp;apos;
Driver info: driver.version: FirefoxDriver">
      <![CDATA[org.openqa.selenium.WebDriverException: Failed to connect to binary FirefoxBinary(C:\Program Files (x86)\Mozilla Firefox\firefox.exe) on port 7055; process output follows: 
ocal\Temp\anonymous8725432911872585143webdriver-profile\extensions\webdriver-staging
1522247635191	addons.xpi	DEBUG	Existing add-on fxdriver@googlecode.com in app-profile
1522247635192	addons.xpi	INFO	Mapping activity-stream@mozilla.org to C:\Program Files (x86)\Mozilla Firefox\browser\features\activity-stream@mozilla.org.xpi
1522247635192	addons.xpi	INFO	Mapping aushelper@mozilla.org to C:\Program Files (x86)\Mozilla Firefox\browser\features\aushelper@mozilla.org.xpi
1522247635192	addons.xpi	INFO	Mapping clicktoplay-rollout@mozilla.org to C:\Program Files (x86)\Mozilla Firefox\browser\features\clicktoplay-rollout@mozilla.org.xpi
1522247635192	addons.xpi	INFO	Mapping e10srollout@mozilla.org to C:\Program Files (x86)\Mozilla Firefox\browser\features\e10srollout@mozilla.org.xpi
1522247635192	addons.xpi	INFO	Mapping firefox@getpocket.com to C:\Program Files (x86)\Mozilla Firefox\browser\features\firefox@getpocket.com.xpi
1522247635192	addons.xpi	INFO	Mapping followonsearch@mozilla.com to C:\Program Files (x86)\Mozilla Firefox\browser\features\followonsearch@mozilla.com.xpi
1522247635193	addons.xpi	INFO	Mapping formautofill@mozilla.org to C:\Program Files (x86)\Mozilla Firefox\browser\features\formautofill@mozilla.org.xpi
1522247635193	addons.xpi	INFO	Mapping onboarding@mozilla.org to C:\Program Files (x86)\Mozilla Firefox\browser\features\onboarding@mozilla.org.xpi
1522247635193	addons.xpi	INFO	Mapping screenshots@mozilla.org to C:\Program Files (x86)\Mozilla Firefox\browser\features\screenshots@mozilla.org.xpi
1522247635193	addons.xpi	INFO	Mapping shield-recipe-client@mozilla.org to C:\Program Files (x86)\Mozilla Firefox\browser\features\shield-recipe-client@mozilla.org.xpi
1522247635193	addons.xpi	INFO	Mapping webcompat@mozilla.org to C:\Program Files (x86)\Mozilla Firefox\browser\features\webcompat@mozilla.org.xpi
1522247635193	addons.xpi	DEBUG	Existing add-on activity-stream@mozilla.org in app-system-defaults
1522247635194	addons.xpi	DEBUG	Existing add-on aushelper@mozilla.org in app-system-defaults
1522247635194	addons.xpi	DEBUG	Existing add-on clicktoplay-rollout@mozilla.org in app-system-defaults
1522247635194	addons.xpi	DEBUG	Existing add-on e10srollout@mozilla.org in app-system-defaults
1522247635194	addons.xpi	DEBUG	Existing add-on firefox@getpocket.com in app-system-defaults
1522247635195	addons.xpi	DEBUG	Existing add-on followonsearch@mozilla.com in app-system-defaults
1522247635195	addons.xpi	DEBUG	Existing add-on formautofill@mozilla.org in app-system-defaults
1522247635195	addons.xpi	DEBUG	Existing add-on onboarding@mozilla.org in app-system-defaults
1522247635195	addons.xpi	DEBUG	Existing add-on screenshots@mozilla.org in app-system-defaults
1522247635196	addons.xpi	DEBUG	Existing add-on shield-recipe-client@mozilla.org in app-system-defaults
1522247635196	addons.xpi	DEBUG	Existing add-on webcompat@mozilla.org in app-system-defaults
1522247635196	addons.xpi	INFO	Mapping {972ce4c6-7e08-4474-a285-3208198ce6fd} to C:\Program Files (x86)\Mozilla Firefox\browser\extensions\{972ce4c6-7e08-4474-a285-3208198ce6fd}.xpi
1522247635197	addons.xpi	DEBUG	Existing add-on {972ce4c6-7e08-4474-a285-3208198ce6fd} in app-global
1522247635197	addons.xpi	DEBUG	getInstallState changed: false, state: {}
1522247635404	addons.productaddons	INFO	sending request to: https://aus5.mozilla.org/update/3/GMP/56.0/20170926190823/WINNT_x86-msvc-x64/en-US/release/Windows_NT%206.1.1.0%20(x64)/default/default/update.xml
1522247636957	addons.productaddons	INFO	Completed downloading document
1522247638194	DeferredSave.webext.sc.lz4	DEBUG	Starting write
1522247638200	DeferredSave.webext.sc.lz4	DEBUG	Write succeeded
1522247638376	addons.productaddons	INFO	downloadXHR File download. status=200
1522247638379	addons.productaddons	INFO	Downloaded file will be saved to C:\Users\bablu.p\AppData\Local\Temp\tmpaddon-4d085b
1522247643316	addons.productaddons	INFO	downloadXHR File download. status=200
1522247643320	addons.productaddons	INFO	Downloaded file will be saved to C:\Users\bablu.p\AppData\Local\Temp\tmpaddon-9a0082

Build info: version: '2.53.1', revision: 'a36b8b1', time: '2016-06-30 17:37:03'
System info: host: 'Bablu-PC', ip: '192.168.56.1', os.name: 'Windows 7', os.arch: 'amd64', os.version: '6.1', java.version: '1.8.0_161'
Driver info: driver.version: FirefoxDriver
	at org.openqa.selenium.firefox.internal.NewProfileExtensionConnection.start(NewProfileExtensionConnection.java:124)
	at org.openqa.selenium.firefox.FirefoxDriver.startClient(FirefoxDriver.java:271)
	at org.openqa.selenium.remote.RemoteWebDriver.<init>(RemoteWebDriver.java:119)
	at org.openqa.selenium.firefox.FirefoxDriver.<init>(FirefoxDriver.java:218)
	at org.openqa.selenium.firefox.FirefoxDriver.<init>(FirefoxDriver.java:211)
	at org.openqa.selenium.firefox.FirefoxDriver.<init>(FirefoxDriver.java:207)
	at org.openqa.selenium.firefox.FirefoxDriver.<init>(FirefoxDriver.java:120)
	at GlobalMethod.GlobalMethods.LaunchBrowser(GlobalMethods.java:102)
	at executions.Upcmngmtng_inMem_TS_104.beforeMethod(Upcmngmtng_inMem_TS_104.java:25)
Caused by: org.openqa.selenium.firefox.NotConnectedException: Unable to connect to host 127.0.0.1 on port 7055 after 45000 ms. Firefox console output:
ocal\Temp\anonymous8725432911872585143webdriver-profile\extensions\webdriver-staging
1522247635191	addons.xpi	DEBUG	Existing add-on fxdriver@googlecode.com in app-profile
1522247635192	addons.xpi	INFO	Mapping activity-stream@mozilla.org to C:\Program Files (x86)\Mozilla Firefox\browser\features\activity-stream@mozilla.org.xpi
1522247635192	addons.xpi	INFO	Mapping aushelper@mozilla.org to C:\Program Files (x86)\Mozilla Firefox\browser\features\aushelper@mozilla.org.xpi
1522247635192	addons.xpi	INFO	Mapping clicktoplay-rollout@mozilla.org to C:\Program Files (x86)\Mozilla Firefox\browser\features\clicktoplay-rollout@mozilla.org.xpi
1522247635192	addons.xpi	INFO	Mapping e10srollout@mozilla.org to C:\Program Files (x86)\Mozilla Firefox\browser\features\e10srollout@mozilla.org.xpi
1522247635192	addons.xpi	INFO	Mapping firefox@getpocket.com to C:\Program Files (x86)\Mozilla Firefox\browser\features\firefox@getpocket.com.xpi
1522247635192	addons.xpi	INFO	Mapping followonsearch@mozilla.com to C:\Program Files (x86)\Mozilla Firefox\browser\features\followonsearch@mozilla.com.xpi
1522247635193	addons.xpi	INFO	Mapping formautofill@mozilla.org to C:\Program Files (x86)\Mozilla Firefox\browser\features\formautofill@mozilla.org.xpi
1522247635193	addons.xpi	INFO	Mapping onboarding@mozilla.org to C:\Program Files (x86)\Mozilla Firefox\browser\features\onboarding@mozilla.org.xpi
1522247635193	addons.xpi	INFO	Mapping screenshots@mozilla.org to C:\Program Files (x86)\Mozilla Firefox\browser\features\screenshots@mozilla.org.xpi
1522247635193	addons.xpi	INFO	Mapping shield-recipe-client@mozilla.org to C:\Program Files (x86)\Mozilla Firefox\browser\features\shield-recipe-client@mozilla.org.xpi
1522247635193	addons.xpi	INFO	Mapping webcompat@mozilla.org to C:\Program Files (x86)\Mozilla Firefox\browser\features\webcompat@mozilla.org.xpi
1522247635193	addons.xpi	DEBUG	Existing add-on activity-stream@mozilla.org in app-system-defaults
1522247635194	addons.xpi	DEBUG	Existing add-on aushelper@mozilla.org in app-system-defaults
1522247635194	addons.xpi	DEBUG	Existing add-on clicktoplay-rollout@mozilla.org in app-system-defaults
1522247635194	addons.xpi	DEBUG	Existing add-on e10srollout@mozilla.org in app-system-defaults
1522247635194	addons.xpi	DEBUG	Existing add-on firefox@getpocket.com in app-system-defaults
1522247635195	addons.xpi	DEBUG	Existing add-on followonsearch@mozilla.com in app-system-defaults
1522247635195	addons.xpi	DEBUG	Existing add-on formautofill@mozilla.org in app-system-defaults
1522247635195	addons.xpi	DEBUG	Existing add-on onboarding@mozilla.org in app-system-defaults
1522247635195	addons.xpi	DEBUG	Existing add-on screenshots@mozilla.org in app-system-defaults
1522247635196	addons.xpi	DEBUG	Existing add-on shield-recipe-client@mozilla.org in app-system-defaults
1522247635196	addons.xpi	DEBUG	Existing add-on webcompat@mozilla.org in app-system-defaults
1522247635196	addons.xpi	INFO	Mapping {972ce4c6-7e08-4474-a285-3208198ce6fd} to C:\Program Files (x86)\Mozilla Firefox\browser\extensions\{972ce4c6-7e08-4474-a285-3208198ce6fd}.xpi
1522247635197	addons.xpi	DEBUG	Existing add-on {972ce4c6-7e08-4474-a285-3208198ce6fd} in app-global
1522247635197	addons.xpi	DEBUG	getInstallState changed: false, state: {}
1522247635404	addons.productaddons	INFO	sending request to: https://aus5.mozilla.org/update/3/GMP/56.0/20170926190823/WINNT_x86-msvc-x64/en-US/release/Windows_NT%206.1.1.0%20(x64)/default/default/update.xml
1522247636957	addons.productaddons	INFO	Completed downloading document
1522247638194	DeferredSave.webext.sc.lz4	DEBUG	Starting write
1522247638200	DeferredSave.webext.sc.lz4	DEBUG	Write succeeded
1522247638376	addons.productaddons	INFO	downloadXHR File download. status=200
1522247638379	addons.productaddons	INFO	Downloaded file will be saved to C:\Users\bablu.p\AppData\Local\Temp\tmpaddon-4d085b
1522247643316	addons.productaddons	INFO	downloadXHR File download. status=200
1522247643320	addons.productaddons	INFO	Downloaded file will be saved to C:\Users\bablu.p\AppData\Local\Temp\tmpaddon-9a0082

	at org.openqa.selenium.firefox.internal.NewProfileExtensionConnection.start(NewProfileExtensionConnection.java:112)
	... 33 more
... Removed 25 stack frames]]>
    </failure>
  </testcase> <!-- @BeforeMethod beforeMethod -->
  <testcase name="@AfterMethod tearDown" time="0.0" classname="executions.Upcmngmtng_inMem_TS_104">
    <skipped/>
  </testcase> <!-- @AfterMethod tearDown -->
  <testcase name="@BeforeMethod beforeMethod" time="0.0" classname="executions.Upcmngmtng_inMem_TS_104">
    <skipped/>
  </testcase> <!-- @BeforeMethod beforeMethod -->
  <testcase name="@AfterMethod tearDown" time="0.0" classname="executions.Upcmngmtng_inMem_TS_104">
    <skipped/>
  </testcase> <!-- @AfterMethod tearDown -->
  <testcase name="@BeforeMethod beforeMethod" time="0.0" classname="executions.Upcmngmtng_inMem_TS_104">
    <skipped/>
  </testcase> <!-- @BeforeMethod beforeMethod -->
  <testcase name="@AfterMethod tearDown" time="0.0" classname="executions.Upcmngmtng_inMem_TS_104">
    <skipped/>
  </testcase> <!-- @AfterMethod tearDown -->
  <testcase name="@BeforeMethod beforeMethod" time="0.0" classname="executions.Upcmngmtng_inMem_TS_104">
    <skipped/>
  </testcase> <!-- @BeforeMethod beforeMethod -->
  <testcase name="@AfterMethod tearDown" time="0.0" classname="executions.Upcmngmtng_inMem_TS_104">
    <skipped/>
  </testcase> <!-- @AfterMethod tearDown -->
  <testcase name="@BeforeMethod beforeMethod" time="0.0" classname="executions.Upcmngmtng_inMem_TS_104">
    <skipped/>
  </testcase> <!-- @BeforeMethod beforeMethod -->
  <testcase name="@AfterMethod tearDown" time="0.0" classname="executions.Upcmngmtng_inMem_TS_104">
    <skipped/>
  </testcase> <!-- @AfterMethod tearDown -->
  <testcase name="@BeforeMethod beforeMethod" time="0.0" classname="executions.Upcmngmtng_inMem_TS_104">
    <skipped/>
  </testcase> <!-- @BeforeMethod beforeMethod -->
  <testcase name="@AfterMethod tearDown" time="0.0" classname="executions.Upcmngmtng_inMem_TS_104">
    <skipped/>
  </testcase> <!-- @AfterMethod tearDown -->
  <testcase name="@BeforeMethod beforeMethod" time="0.0" classname="executions.Upcmngmtng_inMem_TS_104">
    <skipped/>
  </testcase> <!-- @BeforeMethod beforeMethod -->
  <testcase name="@AfterMethod tearDown" time="0.0" classname="executions.Upcmngmtng_inMem_TS_104">
    <skipped/>
  </testcase> <!-- @AfterMethod tearDown -->
  <testcase name="@BeforeMethod beforeMethod" time="0.0" classname="executions.Upcmngmtng_inMem_TS_104">
    <skipped/>
  </testcase> <!-- @BeforeMethod beforeMethod -->
  <testcase name="@AfterMethod tearDown" time="0.0" classname="executions.Upcmngmtng_inMem_TS_104">
    <skipped/>
  </testcase> <!-- @AfterMethod tearDown -->
  <testcase name="@BeforeMethod beforeMethod" time="0.0" classname="executions.Upcmngmtng_inMem_TS_104">
    <skipped/>
  </testcase> <!-- @BeforeMethod beforeMethod -->
  <testcase name="@AfterMethod tearDown" time="0.0" classname="executions.Upcmngmtng_inMem_TS_104">
    <skipped/>
  </testcase> <!-- @AfterMethod tearDown -->
  <testcase name="@BeforeMethod beforeMethod" time="0.0" classname="executions.Cmpltdmtng_inMem_TS_105">
    <failure type="org.openqa.selenium.WebDriverException" message="Failed to connect to binary FirefoxBinary(C:\Program Files (x86)\Mozilla Firefox\firefox.exe) on port 7055; process output follows: 
\Local\Temp\anonymous4287812419637026916webdriver-profile\extensions\fxdriver@googlecode.com
1522247681853	addons.xpi	DEBUG	Ignoring file entry whose name is not a valid add-on ID: C:\Users\bablu.p\AppData\Local\Temp\anonymous4287812419637026916webdriver-profile\extensions\webdriver-staging
1522247681853	addons.xpi	DEBUG	Existing add-on fxdriver@googlecode.com in app-profile
1522247681854	addons.xpi	INFO	Mapping activity-stream@mozilla.org to C:\Program Files (x86)\Mozilla Firefox\browser\features\activity-stream@mozilla.org.xpi
1522247681854	addons.xpi	INFO	Mapping aushelper@mozilla.org to C:\Program Files (x86)\Mozilla Firefox\browser\features\aushelper@mozilla.org.xpi
1522247681854	addons.xpi	INFO	Mapping clicktoplay-rollout@mozilla.org to C:\Program Files (x86)\Mozilla Firefox\browser\features\clicktoplay-rollout@mozilla.org.xpi
1522247681854	addons.xpi	INFO	Mapping e10srollout@mozilla.org to C:\Program Files (x86)\Mozilla Firefox\browser\features\e10srollout@mozilla.org.xpi
1522247681854	addons.xpi	INFO	Mapping firefox@getpocket.com to C:\Program Files (x86)\Mozilla Firefox\browser\features\firefox@getpocket.com.xpi
1522247681854	addons.xpi	INFO	Mapping followonsearch@mozilla.com to C:\Program Files (x86)\Mozilla Firefox\browser\features\followonsearch@mozilla.com.xpi
1522247681855	addons.xpi	INFO	Mapping formautofill@mozilla.org to C:\Program Files (x86)\Mozilla Firefox\browser\features\formautofill@mozilla.org.xpi
1522247681855	addons.xpi	INFO	Mapping onboarding@mozilla.org to C:\Program Files (x86)\Mozilla Firefox\browser\features\onboarding@mozilla.org.xpi
1522247681855	addons.xpi	INFO	Mapping screenshots@mozilla.org to C:\Program Files (x86)\Mozilla Firefox\browser\features\screenshots@mozilla.org.xpi
1522247681855	addons.xpi	INFO	Mapping shield-recipe-client@mozilla.org to C:\Program Files (x86)\Mozilla Firefox\browser\features\shield-recipe-client@mozilla.org.xpi
1522247681855	addons.xpi	INFO	Mapping webcompat@mozilla.org to C:\Program Files (x86)\Mozilla Firefox\browser\features\webcompat@mozilla.org.xpi
1522247681855	addons.xpi	DEBUG	Existing add-on activity-stream@mozilla.org in app-system-defaults
1522247681856	addons.xpi	DEBUG	Existing add-on aushelper@mozilla.org in app-system-defaults
1522247681856	addons.xpi	DEBUG	Existing add-on clicktoplay-rollout@mozilla.org in app-system-defaults
1522247681856	addons.xpi	DEBUG	Existing add-on e10srollout@mozilla.org in app-system-defaults
1522247681856	addons.xpi	DEBUG	Existing add-on firefox@getpocket.com in app-system-defaults
1522247681857	addons.xpi	DEBUG	Existing add-on followonsearch@mozilla.com in app-system-defaults
1522247681857	addons.xpi	DEBUG	Existing add-on formautofill@mozilla.org in app-system-defaults
1522247681857	addons.xpi	DEBUG	Existing add-on onboarding@mozilla.org in app-system-defaults
1522247681857	addons.xpi	DEBUG	Existing add-on screenshots@mozilla.org in app-system-defaults
1522247681858	addons.xpi	DEBUG	Existing add-on shield-recipe-client@mozilla.org in app-system-defaults
1522247681858	addons.xpi	DEBUG	Existing add-on webcompat@mozilla.org in app-system-defaults
1522247681858	addons.xpi	INFO	Mapping {972ce4c6-7e08-4474-a285-3208198ce6fd} to C:\Program Files (x86)\Mozilla Firefox\browser\extensions\{972ce4c6-7e08-4474-a285-3208198ce6fd}.xpi
1522247681859	addons.xpi	DEBUG	Existing add-on {972ce4c6-7e08-4474-a285-3208198ce6fd} in app-global
1522247681859	addons.xpi	DEBUG	getInstallState changed: false, state: {}
1522247682633	addons.productaddons	INFO	Completed downloading document
1522247683756	addons.productaddons	INFO	downloadXHR File download. status=200
1522247683760	addons.productaddons	INFO	Downloaded file will be saved to C:\Users\bablu.p\AppData\Local\Temp\tmpaddon-453d7d
1522247684229	DeferredSave.webext.sc.lz4	DEBUG	Starting write
1522247684260	DeferredSave.webext.sc.lz4	DEBUG	Write succeeded
1522247689908	addons.productaddons	INFO	downloadXHR File download. status=200
1522247689911	addons.productaddons	INFO	Downloaded file will be saved to C:\Users\bablu.p\AppData\Local\Temp\tmpaddon-5e8588

Build info: version: &amp;apos;2.53.1&amp;apos;, revision: &amp;apos;a36b8b1&amp;apos;, time: &amp;apos;2016-06-30 17:37:03&amp;apos;
System info: host: &amp;apos;Bablu-PC&amp;apos;, ip: &amp;apos;192.168.56.1&amp;apos;, os.name: &amp;apos;Windows 7&amp;apos;, os.arch: &amp;apos;amd64&amp;apos;, os.version: &amp;apos;6.1&amp;apos;, java.version: &amp;apos;1.8.0_161&amp;apos;
Driver info: driver.version: FirefoxDriver">
      <![CDATA[org.openqa.selenium.WebDriverException: Failed to connect to binary FirefoxBinary(C:\Program Files (x86)\Mozilla Firefox\firefox.exe) on port 7055; process output follows: 
\Local\Temp\anonymous4287812419637026916webdriver-profile\extensions\fxdriver@googlecode.com
1522247681853	addons.xpi	DEBUG	Ignoring file entry whose name is not a valid add-on ID: C:\Users\bablu.p\AppData\Local\Temp\anonymous4287812419637026916webdriver-profile\extensions\webdriver-staging
1522247681853	addons.xpi	DEBUG	Existing add-on fxdriver@googlecode.com in app-profile
1522247681854	addons.xpi	INFO	Mapping activity-stream@mozilla.org to C:\Program Files (x86)\Mozilla Firefox\browser\features\activity-stream@mozilla.org.xpi
1522247681854	addons.xpi	INFO	Mapping aushelper@mozilla.org to C:\Program Files (x86)\Mozilla Firefox\browser\features\aushelper@mozilla.org.xpi
1522247681854	addons.xpi	INFO	Mapping clicktoplay-rollout@mozilla.org to C:\Program Files (x86)\Mozilla Firefox\browser\features\clicktoplay-rollout@mozilla.org.xpi
1522247681854	addons.xpi	INFO	Mapping e10srollout@mozilla.org to C:\Program Files (x86)\Mozilla Firefox\browser\features\e10srollout@mozilla.org.xpi
1522247681854	addons.xpi	INFO	Mapping firefox@getpocket.com to C:\Program Files (x86)\Mozilla Firefox\browser\features\firefox@getpocket.com.xpi
1522247681854	addons.xpi	INFO	Mapping followonsearch@mozilla.com to C:\Program Files (x86)\Mozilla Firefox\browser\features\followonsearch@mozilla.com.xpi
1522247681855	addons.xpi	INFO	Mapping formautofill@mozilla.org to C:\Program Files (x86)\Mozilla Firefox\browser\features\formautofill@mozilla.org.xpi
1522247681855	addons.xpi	INFO	Mapping onboarding@mozilla.org to C:\Program Files (x86)\Mozilla Firefox\browser\features\onboarding@mozilla.org.xpi
1522247681855	addons.xpi	INFO	Mapping screenshots@mozilla.org to C:\Program Files (x86)\Mozilla Firefox\browser\features\screenshots@mozilla.org.xpi
1522247681855	addons.xpi	INFO	Mapping shield-recipe-client@mozilla.org to C:\Program Files (x86)\Mozilla Firefox\browser\features\shield-recipe-client@mozilla.org.xpi
1522247681855	addons.xpi	INFO	Mapping webcompat@mozilla.org to C:\Program Files (x86)\Mozilla Firefox\browser\features\webcompat@mozilla.org.xpi
1522247681855	addons.xpi	DEBUG	Existing add-on activity-stream@mozilla.org in app-system-defaults
1522247681856	addons.xpi	DEBUG	Existing add-on aushelper@mozilla.org in app-system-defaults
1522247681856	addons.xpi	DEBUG	Existing add-on clicktoplay-rollout@mozilla.org in app-system-defaults
1522247681856	addons.xpi	DEBUG	Existing add-on e10srollout@mozilla.org in app-system-defaults
1522247681856	addons.xpi	DEBUG	Existing add-on firefox@getpocket.com in app-system-defaults
1522247681857	addons.xpi	DEBUG	Existing add-on followonsearch@mozilla.com in app-system-defaults
1522247681857	addons.xpi	DEBUG	Existing add-on formautofill@mozilla.org in app-system-defaults
1522247681857	addons.xpi	DEBUG	Existing add-on onboarding@mozilla.org in app-system-defaults
1522247681857	addons.xpi	DEBUG	Existing add-on screenshots@mozilla.org in app-system-defaults
1522247681858	addons.xpi	DEBUG	Existing add-on shield-recipe-client@mozilla.org in app-system-defaults
1522247681858	addons.xpi	DEBUG	Existing add-on webcompat@mozilla.org in app-system-defaults
1522247681858	addons.xpi	INFO	Mapping {972ce4c6-7e08-4474-a285-3208198ce6fd} to C:\Program Files (x86)\Mozilla Firefox\browser\extensions\{972ce4c6-7e08-4474-a285-3208198ce6fd}.xpi
1522247681859	addons.xpi	DEBUG	Existing add-on {972ce4c6-7e08-4474-a285-3208198ce6fd} in app-global
1522247681859	addons.xpi	DEBUG	getInstallState changed: false, state: {}
1522247682633	addons.productaddons	INFO	Completed downloading document
1522247683756	addons.productaddons	INFO	downloadXHR File download. status=200
1522247683760	addons.productaddons	INFO	Downloaded file will be saved to C:\Users\bablu.p\AppData\Local\Temp\tmpaddon-453d7d
1522247684229	DeferredSave.webext.sc.lz4	DEBUG	Starting write
1522247684260	DeferredSave.webext.sc.lz4	DEBUG	Write succeeded
1522247689908	addons.productaddons	INFO	downloadXHR File download. status=200
1522247689911	addons.productaddons	INFO	Downloaded file will be saved to C:\Users\bablu.p\AppData\Local\Temp\tmpaddon-5e8588

Build info: version: '2.53.1', revision: 'a36b8b1', time: '2016-06-30 17:37:03'
System info: host: 'Bablu-PC', ip: '192.168.56.1', os.name: 'Windows 7', os.arch: 'amd64', os.version: '6.1', java.version: '1.8.0_161'
Driver info: driver.version: FirefoxDriver
	at org.openqa.selenium.firefox.internal.NewProfileExtensionConnection.start(NewProfileExtensionConnection.java:124)
	at org.openqa.selenium.firefox.FirefoxDriver.startClient(FirefoxDriver.java:271)
	at org.openqa.selenium.remote.RemoteWebDriver.<init>(RemoteWebDriver.java:119)
	at org.openqa.selenium.firefox.FirefoxDriver.<init>(FirefoxDriver.java:218)
	at org.openqa.selenium.firefox.FirefoxDriver.<init>(FirefoxDriver.java:211)
	at org.openqa.selenium.firefox.FirefoxDriver.<init>(FirefoxDriver.java:207)
	at org.openqa.selenium.firefox.FirefoxDriver.<init>(FirefoxDriver.java:120)
	at GlobalMethod.GlobalMethods.LaunchBrowser(GlobalMethods.java:102)
	at executions.Cmpltdmtng_inMem_TS_105.beforeMethod(Cmpltdmtng_inMem_TS_105.java:25)
Caused by: org.openqa.selenium.firefox.NotConnectedException: Unable to connect to host 127.0.0.1 on port 7055 after 45000 ms. Firefox console output:
\Local\Temp\anonymous4287812419637026916webdriver-profile\extensions\fxdriver@googlecode.com
1522247681853	addons.xpi	DEBUG	Ignoring file entry whose name is not a valid add-on ID: C:\Users\bablu.p\AppData\Local\Temp\anonymous4287812419637026916webdriver-profile\extensions\webdriver-staging
1522247681853	addons.xpi	DEBUG	Existing add-on fxdriver@googlecode.com in app-profile
1522247681854	addons.xpi	INFO	Mapping activity-stream@mozilla.org to C:\Program Files (x86)\Mozilla Firefox\browser\features\activity-stream@mozilla.org.xpi
1522247681854	addons.xpi	INFO	Mapping aushelper@mozilla.org to C:\Program Files (x86)\Mozilla Firefox\browser\features\aushelper@mozilla.org.xpi
1522247681854	addons.xpi	INFO	Mapping clicktoplay-rollout@mozilla.org to C:\Program Files (x86)\Mozilla Firefox\browser\features\clicktoplay-rollout@mozilla.org.xpi
1522247681854	addons.xpi	INFO	Mapping e10srollout@mozilla.org to C:\Program Files (x86)\Mozilla Firefox\browser\features\e10srollout@mozilla.org.xpi
1522247681854	addons.xpi	INFO	Mapping firefox@getpocket.com to C:\Program Files (x86)\Mozilla Firefox\browser\features\firefox@getpocket.com.xpi
1522247681854	addons.xpi	INFO	Mapping followonsearch@mozilla.com to C:\Program Files (x86)\Mozilla Firefox\browser\features\followonsearch@mozilla.com.xpi
1522247681855	addons.xpi	INFO	Mapping formautofill@mozilla.org to C:\Program Files (x86)\Mozilla Firefox\browser\features\formautofill@mozilla.org.xpi
1522247681855	addons.xpi	INFO	Mapping onboarding@mozilla.org to C:\Program Files (x86)\Mozilla Firefox\browser\features\onboarding@mozilla.org.xpi
1522247681855	addons.xpi	INFO	Mapping screenshots@mozilla.org to C:\Program Files (x86)\Mozilla Firefox\browser\features\screenshots@mozilla.org.xpi
1522247681855	addons.xpi	INFO	Mapping shield-recipe-client@mozilla.org to C:\Program Files (x86)\Mozilla Firefox\browser\features\shield-recipe-client@mozilla.org.xpi
1522247681855	addons.xpi	INFO	Mapping webcompat@mozilla.org to C:\Program Files (x86)\Mozilla Firefox\browser\features\webcompat@mozilla.org.xpi
1522247681855	addons.xpi	DEBUG	Existing add-on activity-stream@mozilla.org in app-system-defaults
[...]
1522247772560	addons.xpi	INFO	Mapping activity-stream@mozilla.org to C:\Program Files (x86)\Mozilla Firefox\browser\features\activity-stream@mozilla.org.xpi
1522247772560	addons.xpi	INFO	Mapping aushelper@mozilla.org to C:\Program Files (x86)\Mozilla Firefox\browser\features\aushelper@mozilla.org.xpi
1522247772560	addons.xpi	INFO	Mapping clicktoplay-rollout@mozilla.org to C:\Program Files (x86)\Mozilla Firefox\browser\features\clicktoplay-rollout@mozilla.org.xpi
1522247772560	addons.xpi	INFO	Mapping e10srollout@mozilla.org to C:\Program Files (x86)\Mozilla Firefox\browser\features\e10srollout@mozilla.org.xpi
1522247772560	addons.xpi	INFO	Mapping firefox@getpocket.com to C:\Program Files (x86)\Mozilla Firefox\browser\features\firefox@getpocket.com.xpi
1522247772560	addons.xpi	INFO	Mapping followonsearch@mozilla.com to C:\Program Files (x86)\Mozilla Firefox\browser\features\followonsearch@mozilla.com.xpi
1522247772560	addons.xpi	INFO	Mapping formautofill@mozilla.org to C:\Program Files (x86)\Mozilla Firefox\browser\features\formautofill@mozilla.org.xpi
1522247772561	addons.xpi	INFO	Mapping onboarding@mozilla.org to C:\Program Files (x86)\Mozilla Firefox\browser\features\onboarding@mozilla.org.xpi
1522247772561	addons.xpi	INFO	Mapping screenshots@mozilla.org to C:\Program Files (x86)\Mozilla Firefox\browser\features\screenshots@mozilla.org.xpi
1522247772561	addons.xpi	INFO	Mapping shield-recipe-client@mozilla.org to C:\Program Files (x86)\Mozilla Firefox\browser\features\shield-recipe-client@mozilla.org.xpi
1522247772561	addons.xpi	INFO	Mapping webcompat@mozilla.org to C:\Program Files (x86)\Mozilla Firefox\browser\features\webcompat@mozilla.org.xpi
1522247772562	addons.xpi	DEBUG	Existing add-on activity-stream@mozilla.org in app-system-defaults
1522247772562	addons.xpi	DEBUG	Existing add-on aushelper@mozilla.org in app-system-defaults
1522247772562	addons.xpi	DEBUG	Existing add-on clicktoplay-rollout@mozilla.org in app-system-defaults
1522247772563	addons.xpi	DEBUG	Existing add-on e10srollout@mozilla.org in app-system-defaults
1522247772563	addons.xpi	DEBUG	Existing add-on firefox@getpocket.com in app-system-defaults
1522247772563	addons.xpi	DEBUG	Existing add-on followonsearch@mozilla.com in app-system-defaults
1522247772563	addons.xpi	DEBUG	Existing add-on formautofill@mozilla.org in app-system-defaults
1522247772564	addons.xpi	DEBUG	Existing add-on onboarding@mozilla.org in app-system-defaults
1522247772564	addons.xpi	DEBUG	Existing add-on screenshots@mozilla.org in app-system-defaults
1522247772564	addons.xpi	DEBUG	Existing add-on shield-recipe-client@mozilla.org in app-system-defaults
1522247772564	addons.xpi	DEBUG	Existing add-on webcompat@mozilla.org in app-system-defaults
1522247772565	addons.xpi	INFO	Mapping {972ce4c6-7e08-4474-a285-3208198ce6fd} to C:\Program Files (x86)\Mozilla Firefox\browser\extensions\{972ce4c6-7e08-4474-a285-3208198ce6fd}.xpi
1522247772565	addons.xpi	DEBUG	Existing add-on {972ce4c6-7e08-4474-a285-3208198ce6fd} in app-global
1522247772565	addons.xpi	DEBUG	getInstallState changed: false, state: {}
1522247772757	addons.productaddons	INFO	sending request to: https://aus5.mozilla.org/update/3/GMP/56.0/20170926190823/WINNT_x86-msvc-x64/en-US/release/Windows_NT%206.1.1.0%20(x64)/default/default/update.xml
1522247774433	addons.productaddons	INFO	Completed downloading document
1522247775389	DeferredSave.webext.sc.lz4	DEBUG	Starting write
1522247775397	DeferredSave.webext.sc.lz4	DEBUG	Write succeeded
1522247776227	addons.productaddons	INFO	downloadXHR File download. status=200
1522247776231	addons.productaddons	INFO	Downloaded file will be saved to C:\Users\bablu.p\AppData\Local\Temp\tmpaddon-b85183
1522247781512	addons.productaddons	INFO	downloadXHR File download. status=200
1522247781517	addons.productaddons	INFO	Downloaded file will be saved to C:\Users\bablu.p\AppData\Local\Temp\tmpaddon-6c8002

	at org.openqa.selenium.firefox.internal.NewProfileExtensionConnection.start(NewProfileExtensionConnection.java:112)
	... 33 more
... Removed 25 stack frames]]>
    </failure>
  </testcase> <!-- @BeforeMethod beforeMethod -->
  <testcase name="@AfterMethod tearDown" time="0.0" classname="executions.Reschedule_mtng_mail_TS_143">
    <skipped/>
  </testcase> <!-- @AfterMethod tearDown -->
  <testcase name="CRe4_162_164" time="29.297" classname="executions.Schedule_mtng_TS_95"/>
  <testcase name="CRe4_165_166_171" time="31.693" classname="executions.Schedule_mtng_TS_95"/>
  <testcase name="CRe4_167_168_169" time="76.286" classname="executions.Schedule_mtng_TS_95">
    <failure type="org.openqa.selenium.TimeoutException" message="Timed out waiting for page load.
Command duration or timeout: 40.03 seconds
Build info: version: &amp;apos;2.53.1&amp;apos;, revision: &amp;apos;a36b8b1&amp;apos;, time: &amp;apos;2016-06-30 17:37:03&amp;apos;
System info: host: &amp;apos;Bablu-PC&amp;apos;, ip: &amp;apos;192.168.56.1&amp;apos;, os.name: &amp;apos;Windows 7&amp;apos;, os.arch: &amp;apos;amd64&amp;apos;, os.version: &amp;apos;6.1&amp;apos;, java.version: &amp;apos;1.8.0_161&amp;apos;
Driver info: org.openqa.selenium.firefox.FirefoxDriver
Capabilities [{applicationCacheEnabled=true, rotatable=false, handlesAlerts=true, databaseEnabled=true, version=47.0.2, platform=WINDOWS, nativeEvents=false, acceptSslCerts=true, webStorageEnabled=true, locationContextEnabled=true, browserName=firefox, takesScreenshot=true, javascriptEnabled=true, cssSelectorsEnabled=true}]
Session ID: 9b0d4304-207b-477e-b36c-8fc31a5845d4">
      <![CDATA[org.openqa.selenium.TimeoutException: Timed out waiting for page load.
Command duration or timeout: 40.03 seconds
Build info: version: '2.53.1', revision: 'a36b8b1', time: '2016-06-30 17:37:03'
System info: host: 'Bablu-PC', ip: '192.168.56.1', os.name: 'Windows 7', os.arch: 'amd64', os.version: '6.1', java.version: '1.8.0_161'
Driver info: org.openqa.selenium.firefox.FirefoxDriver
Capabilities [{applicationCacheEnabled=true, rotatable=false, handlesAlerts=true, databaseEnabled=true, version=47.0.2, platform=WINDOWS, nativeEvents=false, acceptSslCerts=true, webStorageEnabled=true, locationContextEnabled=true, browserName=firefox, takesScreenshot=true, javascriptEnabled=true, cssSelectorsEnabled=true}]
Session ID: 9b0d4304-207b-477e-b36c-8fc31a5845d4
	at org.openqa.selenium.remote.ErrorHandler.createThrowable(ErrorHandler.java:206)
	at org.openqa.selenium.remote.ErrorHandler.throwIfResponseFailed(ErrorHandler.java:158)
	at org.openqa.selenium.remote.RemoteWebDriver.execute(RemoteWebDriver.java:678)
	at org.openqa.selenium.remote.RemoteWebElement.execute(RemoteWebElement.java:327)
	at org.openqa.selenium.remote.RemoteWebElement.click(RemoteWebElement.java:85)
	at Scenario.TS_95.CRe4_167_168_169(TS_95.java:186)
	at executions.Schedule_mtng_TS_95.CRe4_167_168_169(Schedule_mtng_TS_95.java:51)
Caused by: org.openqa.selenium.TimeoutException: Timed out waiting for page load.
Build info: version: '2.53.1', revision: 'a36b8b1', time: '2016-06-30 17:37:03'
System info: host: 'Bablu-PC', ip: '192.168.56.1', os.name: 'Windows 7', os.arch: 'amd64', os.version: '6.1', java.version: '1.8.0_161'
Driver info: driver.version: unknown
	at <anonymous class>.Utils.installClickListener/e<(file:///C:/Users/bablu.p/AppData/Local/Temp/anonymous7856472920178217357webdriver-profile/extensions/fxdriver@googlecode.com/components/command-processor.js:9372)
	at <anonymous class>.WebLoadingListener/e(file:///C:/Users/bablu.p/AppData/Local/Temp/anonymous7856472920178217357webdriver-profile/extensions/fxdriver@googlecode.com/components/command-processor.js:5142)
	at <anonymous class>.WebLoadingListener/<(file:///C:/Users/bablu.p/AppData/Local/Temp/anonymous7856472920178217357webdriver-profile/extensions/fxdriver@googlecode.com/components/command-processor.js:5150)
	at <anonymous class>.fxdriver.Timer.prototype.setTimeout/<.notify(file:///C:/Users/bablu.p/AppData/Local/Temp/anonymous7856472920178217357webdriver-profile/extensions/fxdriver@googlecode.com/components/command-processor.js:625)
... Removed 27 stack frames]]>
    </failure>
  </testcase> <!-- CRe4_167_168_169 -->
  <testcase name="CRe4_170" time="24.766" classname="executions.Schedule_mtng_TS_95"/>
  <testcase name="CRe4_241" time="32.496" classname="executions.Reschedule_mtng_TS_98"/>
  <testcase name="CRe4_242" time="19.042" classname="executions.Reschedule_mtng_TS_98"/>
  <testcase name="CRe4_243_245" time="36.193" classname="executions.Reschedule_mtng_TS_98"/>
  <testcase name="CRe4_244" time="40.055" classname="executions.Reschedule_mtng_TS_98"/>
  <testcase name="CRe4_187" time="43.897" classname="executions.Generate_agenda_TS_96"/>
  <testcase name="CRe4_191_192" time="36.93" classname="executions.Generate_agenda_TS_96"/>
  <testcase name="CRe4_193_194" time="30.86" classname="executions.Generate_agenda_TS_96"/>
  <testcase name="CRe4_204_209" time="41.217" classname="executions.Generate_agenda_TS_96"/>
  <testcase name="CRe4_210_211_212" time="20.967" classname="executions.Generate_agenda_TS_96"/>
  <testcase name="CRe4_213" time="17.234" classname="executions.Generate_agenda_TS_96"/>
  <testcase name="CRe4_214" time="15.714" classname="executions.Generate_agenda_TS_96"/>
  <testcase name="CRe4_224_226" time="18.784" classname="executions.Upcmngmtng_in_ms_TS_97"/>
  <testcase name="CRe4_227" time="22.039" classname="executions.Upcmngmtng_in_ms_TS_97"/>
  <testcase name="CRe4_228" time="18.375" classname="executions.Upcmngmtng_in_ms_TS_97"/>
  <testcase name="CRe4_229" time="22.135" classname="executions.Upcmngmtng_in_ms_TS_97"/>
  <testcase name="CRe4_237_238_239" time="15.675" classname="executions.Upcmngmtng_in_ms_TS_97"/>
  <testcase name="CRe4_247" time="0.0" classname="executions.Cmpletdmtng_inMS_TS_99">
    <skipped/>
  </testcase> <!-- CRe4_247 -->
  <testcase name="CRe4_249" time="0.0" classname="executions.Cmpletdmtng_inMS_TS_99">
    <skipped/>
  </testcase> <!-- CRe4_249 -->
  <testcase name="CRe4_250" time="0.0" classname="executions.Cmpletdmtng_inMS_TS_99">
    <skipped/>
  </testcase> <!-- CRe4_250 -->
  <testcase name="CRe4_252" time="0.0" classname="executions.Cmpletdmtng_inMS_TS_99">
    <skipped/>
  </testcase> <!-- CRe4_252 -->
  <testcase name="CRe4_253" time="0.0" classname="executions.Cmpletdmtng_inMS_TS_99">
    <skipped/>
  </testcase> <!-- CRe4_253 -->
  <testcase name="CRe4_256" time="0.0" classname="executions.Cmpletdmtng_inMS_TS_99">
    <skipped/>
  </testcase> <!-- CRe4_256 -->
  <testcase name="CRe4_259" time="0.0" classname="executions.Cmpletdmtng_inMS_TS_99">
    <skipped/>
  </testcase> <!-- CRe4_259 -->
  <testcase name="CRe4_262" time="0.0" classname="executions.Cmpletdmtng_inMS_TS_99">
    <skipped/>
  </testcase> <!-- CRe4_262 -->
  <testcase name="CRe4_263" time="0.0" classname="executions.Cmpletdmtng_inMS_TS_99">
    <skipped/>
  </testcase> <!-- CRe4_263 -->
  <testcase name="CRe4_264" time="0.0" classname="executions.Cmpletdmtng_inMS_TS_99">
    <skipped/>
  </testcase> <!-- CRe4_264 -->
  <testcase name="CRe4_265" time="0.0" classname="executions.Cmpletdmtng_inMS_TS_99">
    <skipped/>
  </testcase> <!-- CRe4_265 -->
  <testcase name="CRe4_266" time="0.0" classname="executions.Cmpletdmtng_inMS_TS_99">
    <skipped/>
  </testcase> <!-- CRe4_266 -->
  <testcase name="CRe4_267" time="0.0" classname="executions.Cmpletdmtng_inMS_TS_99">
    <skipped/>
  </testcase> <!-- CRe4_267 -->
  <testcase name="CRe4_268" time="0.0" classname="executions.Cmpletdmtng_inMS_TS_99">
    <skipped/>
  </testcase> <!-- CRe4_268 -->
  <testcase name="CRe4_269" time="0.0" classname="executions.Cmpletdmtng_inMS_TS_99">
    <skipped/>
  </testcase> <!-- CRe4_269 -->
  <testcase name="CRe4_270" time="0.0" classname="executions.Cmpletdmtng_inMS_TS_99">
    <skipped/>
  </testcase> <!-- CRe4_270 -->
  <testcase name="CRe4_271" time="0.0" classname="executions.Cmpletdmtng_inMS_TS_99">
    <skipped/>
  </testcase> <!-- CRe4_271 -->
  <testcase name="CRe4_272" time="0.0" classname="executions.Cmpletdmtng_inMS_TS_99">
    <skipped/>
  </testcase> <!-- CRe4_272 -->
  <testcase name="CRe4_273" time="0.0" classname="executions.Cmpletdmtng_inMS_TS_99">
    <skipped/>
  </testcase> <!-- CRe4_273 -->
  <testcase name="CRe4_274" time="0.001" classname="executions.Cmpletdmtng_inMS_TS_99">
    <skipped/>
  </testcase> <!-- CRe4_274 -->
  <testcase name="CRe4_275" time="0.0" classname="executions.Cmpletdmtng_inMS_TS_99">
    <skipped/>
  </testcase> <!-- CRe4_275 -->
  <testcase name="CRe4_276" time="0.0" classname="executions.Cmpletdmtng_inMS_TS_99">
    <skipped/>
  </testcase> <!-- CRe4_276 -->
  <testcase name="CRe4_277" time="0.0" classname="executions.Cmpletdmtng_inMS_TS_99">
    <skipped/>
  </testcase> <!-- CRe4_277 -->
  <testcase name="CRe4_279_280_281" time="0.0" classname="executions.Upcmngmtng_in_admin_TS_100">
    <skipped/>
  </testcase> <!-- CRe4_279_280_281 -->
  <testcase name="CRe4_283" time="0.0" classname="executions.Upcmngmtng_in_admin_TS_100">
    <skipped/>
  </testcase> <!-- CRe4_283 -->
  <testcase name="CRe4_284" time="0.0" classname="executions.Upcmngmtng_in_admin_TS_100">
    <skipped/>
  </testcase> <!-- CRe4_284 -->
  <testcase name="CRe4_285" time="0.0" classname="executions.Upcmngmtng_in_admin_TS_100">
    <skipped/>
  </testcase> <!-- CRe4_285 -->
  <testcase name="CRe4_286" time="0.0" classname="executions.Upcmngmtng_in_admin_TS_100">
    <skipped/>
  </testcase> <!-- CRe4_286 -->
  <testcase name="CRe4_293_294_295" time="0.0" classname="executions.Upcmngmtng_in_admin_TS_100">
    <skipped/>
  </testcase> <!-- CRe4_293_294_295 -->
  <testcase name="CRe4_296" time="0.0" classname="executions.Upcmngmtng_in_admin_TS_100">
    <skipped/>
  </testcase> <!-- CRe4_296 -->
  <testcase name="CRe4_298_299_300" time="0.0" classname="executions.Upcmngmtng_in_admin_TS_100">
    <skipped/>
  </testcase> <!-- CRe4_298_299_300 -->
  <testcase name="CRe4_302" time="0.0" classname="executions.Cmpltdmtng_inAdmin_TS_101">
    <skipped/>
  </testcase> <!-- CRe4_302 -->
  <testcase name="CRe4_304" time="0.0" classname="executions.Cmpltdmtng_inAdmin_TS_101">
    <skipped/>
  </testcase> <!-- CRe4_304 -->
  <testcase name="CRe4_305" time="0.0" classname="executions.Cmpltdmtng_inAdmin_TS_101">
    <skipped/>
  </testcase> <!-- CRe4_305 -->
  <testcase name="CRe4_306" time="0.0" classname="executions.Cmpltdmtng_inAdmin_TS_101">
    <skipped/>
  </testcase> <!-- CRe4_306 -->
  <testcase name="CRe4_307" time="0.0" classname="executions.Cmpltdmtng_inAdmin_TS_101">
    <skipped/>
  </testcase> <!-- CRe4_307 -->
  <testcase name="CRe4_311_313" time="0.0" classname="executions.Cmpltdmtng_inAdmin_TS_101">
    <skipped/>
  </testcase> <!-- CRe4_311_313 -->
  <testcase name="CRe4_315" time="0.0" classname="executions.Cmpltdmtng_inAdmin_TS_101">
    <skipped/>
  </testcase> <!-- CRe4_315 -->
  <testcase name="CRe4_317_318_319" time="0.0" classname="executions.Upcmngmtng_in_CP_TS_102">
    <skipped/>
  </testcase> <!-- CRe4_317_318_319 -->
  <testcase name="CRe4_320" time="0.0" classname="executions.Upcmngmtng_in_CP_TS_102">
    <skipped/>
  </testcase> <!-- CRe4_320 -->
  <testcase name="CRe4_321" time="0.0" classname="executions.Upcmngmtng_in_CP_TS_102">
    <skipped/>
  </testcase> <!-- CRe4_321 -->
  <testcase name="CRe4_322" time="0.0" classname="executions.Upcmngmtng_in_CP_TS_102">
    <skipped/>
  </testcase> <!-- CRe4_322 -->
  <testcase name="CRe4_323" time="0.0" classname="executions.Upcmngmtng_in_CP_TS_102">
    <skipped/>
  </testcase> <!-- CRe4_323 -->
  <testcase name="CRe4_324" time="0.0" classname="executions.Upcmngmtng_in_CP_TS_102">
    <skipped/>
  </testcase> <!-- CRe4_324 -->
  <testcase name="CRe4_333_334" time="0.0" classname="executions.Upcmngmtng_in_CP_TS_102">
    <skipped/>
  </testcase> <!-- CRe4_333_334 -->
  <testcase name="CRe4_337_338" time="0.0" classname="executions.Upcmngmtng_in_CP_TS_102">
    <skipped/>
  </testcase> <!-- CRe4_337_338 -->
  <testcase name="CRe4_340" time="0.001" classname="executions.Cmpltdmtng_inCP_TS_103">
    <skipped/>
  </testcase> <!-- CRe4_340 -->
  <testcase name="CRe4_342" time="0.0" classname="executions.Cmpltdmtng_inCP_TS_103">
    <skipped/>
  </testcase> <!-- CRe4_342 -->
  <testcase name="CRe4_343" time="0.0" classname="executions.Cmpltdmtng_inCP_TS_103">
    <skipped/>
  </testcase> <!-- CRe4_343 -->
  <testcase name="CRe4_344" time="0.0" classname="executions.Cmpltdmtng_inCP_TS_103">
    <skipped/>
  </testcase> <!-- CRe4_344 -->
  <testcase name="CRe4_345" time="0.0" classname="executions.Cmpltdmtng_inCP_TS_103">
    <skipped/>
  </testcase> <!-- CRe4_345 -->
  <testcase name="CRe4_346" time="0.0" classname="executions.Cmpltdmtng_inCP_TS_103">
    <skipped/>
  </testcase> <!-- CRe4_346 -->
  <testcase name="CRe4_347" time="0.0" classname="executions.Cmpltdmtng_inCP_TS_103">
    <skipped/>
  </testcase> <!-- CRe4_347 -->
  <testcase name="CRe4_349_350" time="0.0" classname="executions.Cmpltdmtng_inCP_TS_103">
    <skipped/>
  </testcase> <!-- CRe4_349_350 -->
  <testcase name="CRe4_353_354" time="0.0" classname="executions.Cmpltdmtng_inCP_TS_103">
    <skipped/>
  </testcase> <!-- CRe4_353_354 -->
  <testcase name="CRe4_355_356" time="0.0" classname="executions.Upcmngmtng_inMem_TS_104">
    <skipped/>
  </testcase> <!-- CRe4_355_356 -->
  <testcase name="CRe4_357" time="0.0" classname="executions.Upcmngmtng_inMem_TS_104">
    <skipped/>
  </testcase> <!-- CRe4_357 -->
  <testcase name="CRe4_360" time="0.0" classname="executions.Upcmngmtng_inMem_TS_104">
    <skipped/>
  </testcase> <!-- CRe4_360 -->
  <testcase name="CRe4_361" time="0.0" classname="executions.Upcmngmtng_inMem_TS_104">
    <skipped/>
  </testcase> <!-- CRe4_361 -->
  <testcase name="CRe4_362" time="0.0" classname="executions.Upcmngmtng_inMem_TS_104">
    <skipped/>
  </testcase> <!-- CRe4_362 -->
  <testcase name="CRe4_367" time="0.0" classname="executions.Upcmngmtng_inMem_TS_104">
    <skipped/>
  </testcase> <!-- CRe4_367 -->
  <testcase name="CRe4_368" time="0.0" classname="executions.Upcmngmtng_inMem_TS_104">
    <skipped/>
  </testcase> <!-- CRe4_368 -->
  <testcase name="CRe4_369_373" time="0.0" classname="executions.Upcmngmtng_inMem_TS_104">
    <skipped/>
  </testcase> <!-- CRe4_369_373 -->
  <testcase name="CRe4_375_376" time="0.0" classname="executions.Upcmngmtng_inMem_TS_104">
    <skipped/>
  </testcase> <!-- CRe4_375_376 -->
  <testcase name="CRe4_378" time="0.001" classname="executions.Cmpltdmtng_inMem_TS_105">
    <skipped/>
  </testcase> <!-- CRe4_378 -->
  <testcase name="CRe4_380" time="0.0" classname="executions.Cmpltdmtng_inMem_TS_105">
    <skipped/>
  </testcase> <!-- CRe4_380 -->
  <testcase name="CRe4_381" time="0.0" classname="executions.Cmpltdmtng_inMem_TS_105">
    <skipped/>
  </testcase> <!-- CRe4_381 -->
  <testcase name="CRe4_382" time="0.0" classname="executions.Cmpltdmtng_inMem_TS_105">
    <skipped/>
  </testcase> <!-- CRe4_382 -->
  <testcase name="CRe4_383" time="0.0" classname="executions.Cmpltdmtng_inMem_TS_105">
    <skipped/>
  </testcase> <!-- CRe4_383 -->
  <testcase name="CRe4_384" time="0.0" classname="executions.Cmpltdmtng_inMem_TS_105">
    <skipped/>
  </testcase> <!-- CRe4_384 -->
  <testcase name="CRe4_387" time="0.0" classname="executions.Cmpltdmtng_inMem_TS_105">
    <skipped/>
  </testcase> <!-- CRe4_387 -->
  <testcase name="CRe4_390" time="0.0" classname="executions.Cmpltdmtng_inMem_TS_105">
    <skipped/>
  </testcase> <!-- CRe4_390 -->
  <testcase name="CRe4_391_392" time="0.0" classname="executions.Cmpltdmtng_inMem_TS_105">
    <skipped/>
  </testcase> <!-- CRe4_391_392 -->
  <testcase name="CRe4_150_151" time="0.0" classname="executions.Schedule_meeting_mail_TS_142">
    <skipped/>
  </testcase> <!-- CRe4_150_151 -->
  <testcase name="CRe4_152_153" time="0.0" classname="executions.Reschedule_mtng_mail_TS_143">
    <skipped/>
  </testcase> <!-- CRe4_152_153 -->
</testsuite> <!-- testng3 -->
