<?xml version="1.0" encoding="UTF-8"?>
<testng-results skipped="0" failed="0" total="3" passed="3">
  <reporter-output>
  </reporter-output>
  <suite name="Suite2" duration-ms="263428" started-at="2018-03-25T17:43:03Z" finished-at="2018-03-25T17:47:26Z">
    <groups>
    </groups>
    <test name="Test2" duration-ms="263428" started-at="2018-03-25T17:43:03Z" finished-at="2018-03-25T17:47:26Z">
      <class name="executions1.TS_21_Exe">
        <test-method status="PASS" signature="ExtetReport()[pri:0, instance:executions1.TS_21_Exe@6a41eaa2]" name="ExtetReport" is-config="true" duration-ms="1201" started-at="2018-03-25T23:13:03Z" finished-at="2018-03-25T23:13:04Z">
          <reporter-output>
          </reporter-output>
        </test-method> <!-- ExtetReport -->
        <test-method status="PASS" signature="beforeMethod()[pri:0, instance:executions1.TS_21_Exe@6a41eaa2]" name="beforeMethod" is-config="true" duration-ms="48858" started-at="2018-03-25T23:13:04Z" finished-at="2018-03-25T23:13:53Z">
          <reporter-output>
          </reporter-output>
        </test-method> <!-- beforeMethod -->
        <test-method status="PASS" signature="CRe4_978()[pri:0, instance:executions1.TS_21_Exe@6a41eaa2]" name="CRe4_978" duration-ms="49374" started-at="2018-03-25T23:13:53Z" finished-at="2018-03-25T23:14:42Z">
          <reporter-output>
          </reporter-output>
        </test-method> <!-- CRe4_978 -->
        <test-method status="PASS" signature="getResult(org.testng.ITestResult)[pri:0, instance:executions1.TS_21_Exe@6a41eaa2]" name="getResult" is-config="true" duration-ms="2" started-at="2018-03-25T23:14:42Z" finished-at="2018-03-25T23:14:42Z">
          <params>
            <param index="0">
              <value>
                <![CDATA[[TestResult name=CRe4_978 status=SUCCESS method=TS_21_Exe.CRe4_978()[pri:0, instance:executions1.TS_21_Exe@6a41eaa2] output={null}]]]>
              </value>
            </param>
          </params>
          <reporter-output>
          </reporter-output>
        </test-method> <!-- getResult -->
        <test-method status="PASS" signature="tearDown()[pri:0, instance:executions1.TS_21_Exe@6a41eaa2]" name="tearDown" is-config="true" duration-ms="2351" started-at="2018-03-25T23:14:42Z" finished-at="2018-03-25T23:14:45Z">
          <reporter-output>
          </reporter-output>
        </test-method> <!-- tearDown -->
        <test-method status="PASS" signature="beforeMethod()[pri:0, instance:executions1.TS_21_Exe@6a41eaa2]" name="beforeMethod" is-config="true" duration-ms="20000" started-at="2018-03-25T23:14:45Z" finished-at="2018-03-25T23:15:05Z">
          <reporter-output>
          </reporter-output>
        </test-method> <!-- beforeMethod -->
        <test-method status="PASS" signature="CRe4_970_971_972_973_977()[pri:1, instance:executions1.TS_21_Exe@6a41eaa2]" name="CRe4_970_971_972_973_977" duration-ms="69271" started-at="2018-03-25T23:15:05Z" finished-at="2018-03-25T23:16:14Z">
          <reporter-output>
          </reporter-output>
        </test-method> <!-- CRe4_970_971_972_973_977 -->
        <test-method status="PASS" signature="tearDown()[pri:0, instance:executions1.TS_21_Exe@6a41eaa2]" name="tearDown" is-config="true" duration-ms="153" started-at="2018-03-25T23:16:14Z" finished-at="2018-03-25T23:16:14Z">
          <reporter-output>
          </reporter-output>
        </test-method> <!-- tearDown -->
        <test-method status="PASS" signature="getResult(org.testng.ITestResult)[pri:0, instance:executions1.TS_21_Exe@6a41eaa2]" name="getResult" is-config="true" duration-ms="0" started-at="2018-03-25T23:16:14Z" finished-at="2018-03-25T23:16:14Z">
          <params>
            <param index="0">
              <value>
                <![CDATA[[TestResult name=CRe4_970_971_972_973_977 status=SUCCESS method=TS_21_Exe.CRe4_970_971_972_973_977()[pri:1, instance:executions1.TS_21_Exe@6a41eaa2] output={null}]]]>
              </value>
            </param>
          </params>
          <reporter-output>
          </reporter-output>
        </test-method> <!-- getResult -->
        <test-method status="PASS" signature="beforeMethod()[pri:0, instance:executions1.TS_21_Exe@6a41eaa2]" name="beforeMethod" is-config="true" duration-ms="20213" started-at="2018-03-25T23:16:14Z" finished-at="2018-03-25T23:16:34Z">
          <reporter-output>
          </reporter-output>
        </test-method> <!-- beforeMethod -->
        <test-method status="PASS" signature="CRe4_974()[pri:2, instance:executions1.TS_21_Exe@6a41eaa2]" name="CRe4_974" duration-ms="48660" started-at="2018-03-25T23:16:34Z" finished-at="2018-03-25T23:17:23Z">
          <reporter-output>
          </reporter-output>
        </test-method> <!-- CRe4_974 -->
        <test-method status="PASS" signature="getResult(org.testng.ITestResult)[pri:0, instance:executions1.TS_21_Exe@6a41eaa2]" name="getResult" is-config="true" duration-ms="0" started-at="2018-03-25T23:17:23Z" finished-at="2018-03-25T23:17:23Z">
          <params>
            <param index="0">
              <value>
                <![CDATA[[TestResult name=CRe4_974 status=SUCCESS method=TS_21_Exe.CRe4_974()[pri:2, instance:executions1.TS_21_Exe@6a41eaa2] output={null}]]]>
              </value>
            </param>
          </params>
          <reporter-output>
          </reporter-output>
        </test-method> <!-- getResult -->
        <test-method status="PASS" signature="tearDown()[pri:0, instance:executions1.TS_21_Exe@6a41eaa2]" name="tearDown" is-config="true" duration-ms="2119" started-at="2018-03-25T23:17:23Z" finished-at="2018-03-25T23:17:25Z">
          <reporter-output>
          </reporter-output>
        </test-method> <!-- tearDown -->
        <test-method status="PASS" signature="clear()[pri:0, instance:executions1.TS_21_Exe@6a41eaa2]" name="clear" is-config="true" duration-ms="1159" started-at="2018-03-25T23:17:25Z" finished-at="2018-03-25T23:17:26Z">
          <reporter-output>
          </reporter-output>
        </test-method> <!-- clear -->
      </class> <!-- executions1.TS_21_Exe -->
    </test> <!-- Test2 -->
  </suite> <!-- Suite2 -->
</testng-results>
