<?xml version="1.0" encoding="UTF-8"?>
<!-- Generated by org.testng.reporters.JUnitXMLReporter -->
<testsuite hostname="BabluKumarPrasa" name="Test2" tests="3" failures="0" timestamp="25 Mar 2018 17:47:26 GMT" time="263.428" errors="0">
  <testcase name="CRe4_978" time="49.374" classname="executions1.TS_21_Exe"/>
  <testcase name="CRe4_970_971_972_973_977" time="69.271" classname="executions1.TS_21_Exe"/>
  <testcase name="CRe4_974" time="48.66" classname="executions1.TS_21_Exe"/>
</testsuite> <!-- Test2 -->
